#
# There is insufficient memory for the Java Runtime Environment to continue.
# Native memory allocation (mmap) failed to map 211812352 bytes for G1 virtual space
# Possible reasons:
#   The system is out of physical RAM or swap space
#   The process is running with CompressedOops enabled, and the Java Heap may be blocking the growth of the native heap
# Possible solutions:
#   Reduce memory load on the system
#   Increase physical memory or swap space
#   Check if swap backing store is full
#   Decrease Java heap size (-Xmx/-Xms)
#   Decrease number of Java threads
#   Decrease Java thread stack sizes (-Xss)
#   Set larger code cache with -XX:ReservedCodeCacheSize=
#   JVM is running with Unscaled Compressed Oops mode in which the Java heap is
#     placed in the first 4GB address space. The Java Heap base address is the
#     maximum limit for the native heap growth. Please use -XX:HeapBaseMinAddress
#     to set the Java Heap base and to place the Java Heap above 4GB virtual address.
# This output file may be truncated or incomplete.
#
#  Out of Memory Error (os_windows.cpp:3769), pid=31560, tid=31628
#
# JRE version: OpenJDK Runtime Environment (17.0.6) (build 17.0.6+0-b2043.56-10027231)
# Java VM: OpenJDK 64-Bit Server VM (17.0.6+0-b2043.56-10027231, mixed mode, tiered, compressed oops, compressed class ptrs, g1 gc, windows-amd64)
# No core dump will be written. Minidumps are not enabled by default on client versions of Windows
#

---------------  S U M M A R Y ------------

Command Line: --add-opens=java.base/java.util=ALL-UNNAMED --add-opens=java.base/java.lang=ALL-UNNAMED --add-opens=java.base/java.lang.invoke=ALL-UNNAMED --add-opens=java.base/java.util=ALL-UNNAMED --add-opens=java.prefs/java.util.prefs=ALL-UNNAMED --add-opens=java.prefs/java.util.prefs=ALL-UNNAMED --add-opens=java.base/java.nio.charset=ALL-UNNAMED --add-opens=java.base/java.net=ALL-UNNAMED --add-opens=java.base/java.util.concurrent.atomic=ALL-UNNAMED -Xmx1536M -Dfile.encoding=windows-1252 -Duser.country=US -Duser.language=en -Duser.variant org.gradle.launcher.daemon.bootstrap.GradleDaemon 7.5

Host: Intel(R) Core(TM) i7 CPU         860  @ 2.80GHz, 8 cores, 3G,  Windows 10 , 64 bit Build 19041 (10.0.19041.3155)
Time: Fri Aug 11 16:41:33 2023 Pakistan Standard Time elapsed time: 69.738517 seconds (0d 0h 1m 9s)

---------------  T H R E A D  ---------------

Current thread (0x00000241d46bdc50):  VMThread "VM Thread" [stack: 0x000000ea54600000,0x000000ea54700000] [id=31628]

Stack: [0x000000ea54600000,0x000000ea54700000]
Native frames: (J=compiled Java code, j=interpreted, Vv=VM code, C=native code)
V  [jvm.dll+0x683c9a]
V  [jvm.dll+0x8427a4]
V  [jvm.dll+0x843f9e]
V  [jvm.dll+0x844603]
V  [jvm.dll+0x249b75]
V  [jvm.dll+0x680b69]
V  [jvm.dll+0x67505a]
V  [jvm.dll+0x309acb]
V  [jvm.dll+0x310f86]
V  [jvm.dll+0x3608ee]
V  [jvm.dll+0x360b1f]
V  [jvm.dll+0x2dfbf8]
V  [jvm.dll+0x2ddec4]
V  [jvm.dll+0x2dd4cc]
V  [jvm.dll+0x321f3b]
V  [jvm.dll+0x848ccb]
V  [jvm.dll+0x849a04]
V  [jvm.dll+0x849f1d]
V  [jvm.dll+0x84a2f4]
V  [jvm.dll+0x84a3c0]
V  [jvm.dll+0x7f274a]
V  [jvm.dll+0x682ad5]
C  [ucrtbase.dll+0x21bb2]
C  [KERNEL32.DLL+0x17614]
C  [ntdll.dll+0x526b1]

VM_Operation (0x000000ea560f6910): G1CollectForAllocation, mode: safepoint, requested by thread 0x00000241d68e1450


---------------  P R O C E S S  ---------------

Threads class SMR info:
_java_thread_list=0x00000241dc5c14b0, length=125, elements={
0x00000241bbb74c40, 0x00000241d46c2970, 0x00000241d46c57f0, 0x00000241d470a570,
0x00000241d470b120, 0x00000241d510b090, 0x00000241d510d960, 0x00000241d51247d0,
0x00000241d512d0e0, 0x00000241d512d9e0, 0x00000241d527d3d0, 0x00000241d52bbfa0,
0x00000241d68e3fa0, 0x00000241d68e4470, 0x00000241d68e1920, 0x00000241d68e4940,
0x00000241d68e4e10, 0x00000241d68e3ad0, 0x00000241d68e1450, 0x00000241d68e2790,
0x00000241d68e1df0, 0x00000241d68e22c0, 0x00000241d68e2c60, 0x00000241d68e3130,
0x00000241d68e3600, 0x00000241d82c9850, 0x00000241d82cab90, 0x00000241d82c9d20,
0x00000241d82c8eb0, 0x00000241d82cb060, 0x00000241d82ca6c0, 0x00000241d82ca1f0,
0x00000241d82cb530, 0x00000241d82c8040, 0x00000241d82c8510, 0x00000241d7e06380,
0x00000241d7e08530, 0x00000241d7e0b080, 0x00000241d7e0ba20, 0x00000241d7e059e0,
0x00000241d7e0a210, 0x00000241d7e0a6e0, 0x00000241d7e05040, 0x00000241d7e06850,
0x00000241d7e08ed0, 0x00000241d7e09870, 0x00000241d7e0c3c0, 0x00000241d7e0b550,
0x00000241d7e0bef0, 0x00000241d7e076c0, 0x00000241d7e0c890, 0x00000241d7e05510,
0x00000241d7e06d20, 0x00000241d7e071f0, 0x00000241d7e08a00, 0x00000241d7e05eb0,
0x00000241d7e07b90, 0x00000241d7e093a0, 0x00000241d7e08060, 0x00000241d9eec210,
0x00000241d9ef13e0, 0x00000241d9ef18b0, 0x00000241d9eeaed0, 0x00000241d9ef0a40,
0x00000241d9eeb3a0, 0x00000241d9eed080, 0x00000241d9eedef0, 0x00000241d9eefbd0,
0x00000241d9eeb870, 0x00000241d9eef700, 0x00000241d9ef00a0, 0x00000241d9eed550,
0x00000241d9ef0570, 0x00000241d9eea060, 0x00000241d9eeed60, 0x00000241d9eef230,
0x00000241d9eea530, 0x00000241d9ef0f10, 0x00000241d9eecbb0, 0x00000241d9eee3c0,
0x00000241d9eeda20, 0x00000241d9eec6e0, 0x00000241d9eeaa00, 0x00000241d9eee890,
0x00000241d9eebd40, 0x00000241d9f93d30, 0x00000241d9f95540, 0x00000241d9f90370,
0x00000241d9f8e690, 0x00000241d9f94ba0, 0x00000241d9f8f030, 0x00000241d9f92050,
0x00000241d9f92520, 0x00000241d9f8eb60, 0x00000241d9f94200, 0x00000241d9f8e1c0,
0x00000241d9f8f500, 0x00000241d9f929f0, 0x00000241d9f91b80, 0x00000241d9f92ec0,
0x00000241d9f8dcf0, 0x00000241d9f90d10, 0x00000241d9f95070, 0x00000241d9f93390,
0x00000241d9f93860, 0x00000241d9f946d0, 0x00000241d9f8fea0, 0x00000241d9f90840,
0x00000241d9f8f9d0, 0x00000241d9f911e0, 0x00000241d9f916b0, 0x00000241da5cd470,
0x00000241da5ccfa0, 0x00000241da5cd940, 0x00000241da5cde10, 0x00000241da5ce2e0,
0x00000241da5cc130, 0x00000241da5ca920, 0x00000241da5cb2c0, 0x00000241da5cbc60,
0x00000241da5cadf0, 0x00000241da5cb790, 0x00000241da5cc600, 0x00000241da5ccad0,
0x00000241d5f4e5b0
}

Java Threads: ( => current thread )
  0x00000241bbb74c40 JavaThread "main" [_thread_blocked, id=31732, stack(0x000000ea54000000,0x000000ea54100000)]
  0x00000241d46c2970 JavaThread "Reference Handler" daemon [_thread_blocked, id=30340, stack(0x000000ea54700000,0x000000ea54800000)]
  0x00000241d46c57f0 JavaThread "Finalizer" daemon [_thread_blocked, id=17416, stack(0x000000ea54800000,0x000000ea54900000)]
  0x00000241d470a570 JavaThread "Signal Dispatcher" daemon [_thread_blocked, id=20828, stack(0x000000ea54900000,0x000000ea54a00000)]
  0x00000241d470b120 JavaThread "Attach Listener" daemon [_thread_blocked, id=22296, stack(0x000000ea54a00000,0x000000ea54b00000)]
  0x00000241d510b090 JavaThread "Service Thread" daemon [_thread_blocked, id=14700, stack(0x000000ea54b00000,0x000000ea54c00000)]
  0x00000241d510d960 JavaThread "Monitor Deflation Thread" daemon [_thread_blocked, id=23808, stack(0x000000ea54c00000,0x000000ea54d00000)]
  0x00000241d51247d0 JavaThread "C2 CompilerThread0" daemon [_thread_blocked, id=30048, stack(0x000000ea54d00000,0x000000ea54e00000)]
  0x00000241d512d0e0 JavaThread "C1 CompilerThread0" daemon [_thread_blocked, id=27340, stack(0x000000ea54e00000,0x000000ea54f00000)]
  0x00000241d512d9e0 JavaThread "Sweeper thread" daemon [_thread_blocked, id=30996, stack(0x000000ea54f00000,0x000000ea55000000)]
  0x00000241d527d3d0 JavaThread "Common-Cleaner" daemon [_thread_blocked, id=11584, stack(0x000000ea55000000,0x000000ea55100000)]
  0x00000241d52bbfa0 JavaThread "Notification Thread" daemon [_thread_blocked, id=17908, stack(0x000000ea55100000,0x000000ea55200000)]
  0x00000241d68e3fa0 JavaThread "Daemon health stats" [_thread_blocked, id=22240, stack(0x000000ea55700000,0x000000ea55800000)]
  0x00000241d68e4470 JavaThread "Incoming local TCP Connector on port 52430" [_thread_in_native, id=24548, stack(0x000000ea55800000,0x000000ea55900000)]
  0x00000241d68e1920 JavaThread "Daemon periodic checks" [_thread_blocked, id=16108, stack(0x000000ea55900000,0x000000ea55a00000)]
  0x00000241d68e4940 JavaThread "Daemon" [_thread_blocked, id=31504, stack(0x000000ea55d00000,0x000000ea55e00000)]
  0x00000241d68e4e10 JavaThread "Handler for socket connection from /127.0.0.1:52430 to /127.0.0.1:52431" [_thread_in_native, id=25656, stack(0x000000ea55e00000,0x000000ea55f00000)]
  0x00000241d68e3ad0 JavaThread "Cancel handler" [_thread_blocked, id=22004, stack(0x000000ea55f00000,0x000000ea56000000)]
  0x00000241d68e1450 JavaThread "Daemon worker" [_thread_blocked, id=27468, stack(0x000000ea56000000,0x000000ea56100000)]
  0x00000241d68e2790 JavaThread "Asynchronous log dispatcher for DefaultDaemonConnection: socket connection from /127.0.0.1:52430 to /127.0.0.1:52431" [_thread_blocked, id=12932, stack(0x000000ea56100000,0x000000ea56200000)]
  0x00000241d68e1df0 JavaThread "Stdin handler" [_thread_blocked, id=9668, stack(0x000000ea56200000,0x000000ea56300000)]
  0x00000241d68e22c0 JavaThread "Daemon client event forwarder" [_thread_blocked, id=3644, stack(0x000000ea56300000,0x000000ea56400000)]
  0x00000241d68e2c60 JavaThread "Cache worker for journal cache (C:\Users\manal.rana.DESKTOP-MQ59VGA\.gradle\caches\journal-1)" [_thread_blocked, id=23640, stack(0x000000ea56400000,0x000000ea56500000)]
  0x00000241d68e3130 JavaThread "File lock request listener" [_thread_in_native, id=14664, stack(0x000000ea56500000,0x000000ea56600000)]
  0x00000241d68e3600 JavaThread "Cache worker for file hash cache (C:\Users\manal.rana.DESKTOP-MQ59VGA\.gradle\caches\7.5\fileHashes)" [_thread_blocked, id=17516, stack(0x000000ea56700000,0x000000ea56800000)]
  0x00000241d82c9850 JavaThread "File watcher server" daemon [_thread_in_native, id=28548, stack(0x000000ea56800000,0x000000ea56900000)]
  0x00000241d82cab90 JavaThread "File watcher consumer" daemon [_thread_blocked, id=20580, stack(0x000000ea56900000,0x000000ea56a00000)]
  0x00000241d82c9d20 JavaThread "Cache worker for checksums cache (C:\Users\manal.rana\Desktop\flutter_projects\xylophone-flutter\android\.gradle\7.5\checksums)" [_thread_blocked, id=21988, stack(0x000000ea56a00000,0x000000ea56b00000)]
  0x00000241d82c8eb0 JavaThread "Cache worker for cache directory md-rule (C:\Users\manal.rana.DESKTOP-MQ59VGA\.gradle\caches\7.5\md-rule)" [_thread_blocked, id=16528, stack(0x000000ea56b00000,0x000000ea56c00000)]
  0x00000241d82cb060 JavaThread "Cache worker for file content cache (C:\Users\manal.rana.DESKTOP-MQ59VGA\.gradle\caches\7.5\fileContent)" [_thread_blocked, id=4840, stack(0x000000ea56c00000,0x000000ea56d00000)]
  0x00000241d82ca6c0 JavaThread "Cache worker for file hash cache (C:\Users\manal.rana\Desktop\flutter_projects\xylophone-flutter\android\.gradle\7.5\fileHashes)" [_thread_blocked, id=29736, stack(0x000000ea56d00000,0x000000ea56e00000)]
  0x00000241d82ca1f0 JavaThread "Cache worker for cache directory md-supplier (C:\Users\manal.rana.DESKTOP-MQ59VGA\.gradle\caches\7.5\md-supplier)" [_thread_blocked, id=6724, stack(0x000000ea56e00000,0x000000ea56f00000)]
  0x00000241d82cb530 JavaThread "Cache worker for execution history cache (C:\Users\manal.rana.DESKTOP-MQ59VGA\.gradle\caches\7.5\executionHistory)" [_thread_blocked, id=2252, stack(0x000000ea56f00000,0x000000ea57000000)]
  0x00000241d82c8040 JavaThread "jar transforms" [_thread_blocked, id=28924, stack(0x000000ea57000000,0x000000ea57100000)]
  0x00000241d82c8510 JavaThread "jar transforms Thread 2" [_thread_blocked, id=1536, stack(0x000000ea57100000,0x000000ea57200000)]
  0x00000241d7e06380 JavaThread "Cache worker for dependencies-accessors (C:\Users\manal.rana\Desktop\flutter_projects\xylophone-flutter\android\.gradle\7.5\dependencies-accessors)" [_thread_blocked, id=16316, stack(0x000000ea57200000,0x000000ea57300000)]
  0x00000241d7e08530 JavaThread "jar transforms Thread 3" [_thread_blocked, id=30808, stack(0x000000ea57300000,0x000000ea57400000)]
  0x00000241d7e0b080 JavaThread "Cache worker for Build Output Cleanup Cache (C:\Users\manal.rana\Desktop\flutter_projects\xylophone-flutter\android\.gradle\buildOutputCleanup)" [_thread_blocked, id=6744, stack(0x000000ea57400000,0x000000ea57500000)]
  0x00000241d7e0ba20 JavaThread "Unconstrained build operations" [_thread_blocked, id=25792, stack(0x000000ea57500000,0x000000ea57600000)]
  0x00000241d7e059e0 JavaThread "Unconstrained build operations Thread 2" [_thread_blocked, id=8764, stack(0x000000ea57600000,0x000000ea57700000)]
  0x00000241d7e0a210 JavaThread "Unconstrained build operations Thread 3" [_thread_blocked, id=17456, stack(0x000000ea57700000,0x000000ea57800000)]
  0x00000241d7e0a6e0 JavaThread "Unconstrained build operations Thread 4" [_thread_blocked, id=25932, stack(0x000000ea57800000,0x000000ea57900000)]
  0x00000241d7e05040 JavaThread "Unconstrained build operations Thread 5" [_thread_blocked, id=26236, stack(0x000000ea57900000,0x000000ea57a00000)]
  0x00000241d7e06850 JavaThread "Unconstrained build operations Thread 6" [_thread_blocked, id=30952, stack(0x000000ea57a00000,0x000000ea57b00000)]
  0x00000241d7e08ed0 JavaThread "Unconstrained build operations Thread 7" [_thread_blocked, id=31264, stack(0x000000ea57b00000,0x000000ea57c00000)]
  0x00000241d7e09870 JavaThread "Unconstrained build operations Thread 8" [_thread_blocked, id=20672, stack(0x000000ea57c00000,0x000000ea57d00000)]
  0x00000241d7e0c3c0 JavaThread "Unconstrained build operations Thread 9" [_thread_blocked, id=19748, stack(0x000000ea57d00000,0x000000ea57e00000)]
  0x00000241d7e0b550 JavaThread "Unconstrained build operations Thread 10" [_thread_blocked, id=12248, stack(0x000000ea57e00000,0x000000ea57f00000)]
  0x00000241d7e0bef0 JavaThread "Unconstrained build operations Thread 11" [_thread_blocked, id=26524, stack(0x000000ea57f00000,0x000000ea58000000)]
  0x00000241d7e076c0 JavaThread "Unconstrained build operations Thread 12" [_thread_blocked, id=15484, stack(0x000000ea58000000,0x000000ea58100000)]
  0x00000241d7e0c890 JavaThread "Unconstrained build operations Thread 13" [_thread_blocked, id=30496, stack(0x000000ea58100000,0x000000ea58200000)]
  0x00000241d7e05510 JavaThread "Unconstrained build operations Thread 14" [_thread_blocked, id=2844, stack(0x000000ea58200000,0x000000ea58300000)]
  0x00000241d7e06d20 JavaThread "Unconstrained build operations Thread 15" [_thread_blocked, id=22008, stack(0x000000ea58300000,0x000000ea58400000)]
  0x00000241d7e071f0 JavaThread "Unconstrained build operations Thread 16" [_thread_blocked, id=6720, stack(0x000000ea58400000,0x000000ea58500000)]
  0x00000241d7e08a00 JavaThread "Unconstrained build operations Thread 17" [_thread_blocked, id=8860, stack(0x000000ea58500000,0x000000ea58600000)]
  0x00000241d7e05eb0 JavaThread "Unconstrained build operations Thread 18" [_thread_blocked, id=16268, stack(0x000000ea58600000,0x000000ea58700000)]
  0x00000241d7e07b90 JavaThread "Unconstrained build operations Thread 19" [_thread_blocked, id=16680, stack(0x000000ea58700000,0x000000ea58800000)]
  0x00000241d7e093a0 JavaThread "Unconstrained build operations Thread 20" [_thread_blocked, id=20388, stack(0x000000ea58800000,0x000000ea58900000)]
  0x00000241d7e08060 JavaThread "Unconstrained build operations Thread 21" [_thread_blocked, id=17484, stack(0x000000ea58900000,0x000000ea58a00000)]
  0x00000241d9eec210 JavaThread "Unconstrained build operations Thread 22" [_thread_blocked, id=8624, stack(0x000000ea58a00000,0x000000ea58b00000)]
  0x00000241d9ef13e0 JavaThread "Unconstrained build operations Thread 23" [_thread_blocked, id=11156, stack(0x000000ea58b00000,0x000000ea58c00000)]
  0x00000241d9ef18b0 JavaThread "Unconstrained build operations Thread 24" [_thread_blocked, id=2812, stack(0x000000ea58c00000,0x000000ea58d00000)]
  0x00000241d9eeaed0 JavaThread "Unconstrained build operations Thread 25" [_thread_blocked, id=26360, stack(0x000000ea58d00000,0x000000ea58e00000)]
  0x00000241d9ef0a40 JavaThread "Unconstrained build operations Thread 26" [_thread_blocked, id=31196, stack(0x000000ea58e00000,0x000000ea58f00000)]
  0x00000241d9eeb3a0 JavaThread "Unconstrained build operations Thread 27" [_thread_blocked, id=25028, stack(0x000000ea58f00000,0x000000ea59000000)]
  0x00000241d9eed080 JavaThread "Unconstrained build operations Thread 28" [_thread_blocked, id=26592, stack(0x000000ea59000000,0x000000ea59100000)]
  0x00000241d9eedef0 JavaThread "Unconstrained build operations Thread 29" [_thread_blocked, id=18676, stack(0x000000ea59100000,0x000000ea59200000)]
  0x00000241d9eefbd0 JavaThread "Unconstrained build operations Thread 30" [_thread_blocked, id=21412, stack(0x000000ea59200000,0x000000ea59300000)]
  0x00000241d9eeb870 JavaThread "Unconstrained build operations Thread 31" [_thread_blocked, id=10756, stack(0x000000ea59300000,0x000000ea59400000)]
  0x00000241d9eef700 JavaThread "Unconstrained build operations Thread 32" [_thread_blocked, id=8736, stack(0x000000ea59400000,0x000000ea59500000)]
  0x00000241d9ef00a0 JavaThread "Unconstrained build operations Thread 33" [_thread_blocked, id=16576, stack(0x000000ea59500000,0x000000ea59600000)]
  0x00000241d9eed550 JavaThread "Unconstrained build operations Thread 34" [_thread_blocked, id=7896, stack(0x000000ea59600000,0x000000ea59700000)]
  0x00000241d9ef0570 JavaThread "Unconstrained build operations Thread 35" [_thread_blocked, id=23944, stack(0x000000ea59700000,0x000000ea59800000)]
  0x00000241d9eea060 JavaThread "Unconstrained build operations Thread 36" [_thread_blocked, id=24700, stack(0x000000ea59800000,0x000000ea59900000)]
  0x00000241d9eeed60 JavaThread "Unconstrained build operations Thread 37" [_thread_blocked, id=2576, stack(0x000000ea59900000,0x000000ea59a00000)]
  0x00000241d9eef230 JavaThread "Unconstrained build operations Thread 38" [_thread_blocked, id=28640, stack(0x000000ea59a00000,0x000000ea59b00000)]
  0x00000241d9eea530 JavaThread "Unconstrained build operations Thread 39" [_thread_blocked, id=19496, stack(0x000000ea59b00000,0x000000ea59c00000)]
  0x00000241d9ef0f10 JavaThread "Unconstrained build operations Thread 40" [_thread_blocked, id=7992, stack(0x000000ea59c00000,0x000000ea59d00000)]
  0x00000241d9eecbb0 JavaThread "Unconstrained build operations Thread 41" [_thread_blocked, id=30012, stack(0x000000ea59d00000,0x000000ea59e00000)]
  0x00000241d9eee3c0 JavaThread "Unconstrained build operations Thread 42" [_thread_blocked, id=19592, stack(0x000000ea59e00000,0x000000ea59f00000)]
  0x00000241d9eeda20 JavaThread "Unconstrained build operations Thread 43" [_thread_blocked, id=30880, stack(0x000000ea59f00000,0x000000ea5a000000)]
  0x00000241d9eec6e0 JavaThread "Unconstrained build operations Thread 44" [_thread_blocked, id=26964, stack(0x000000ea5a000000,0x000000ea5a100000)]
  0x00000241d9eeaa00 JavaThread "Unconstrained build operations Thread 45" [_thread_blocked, id=31420, stack(0x000000ea5a100000,0x000000ea5a200000)]
  0x00000241d9eee890 JavaThread "Unconstrained build operations Thread 46" [_thread_blocked, id=25160, stack(0x000000ea5a200000,0x000000ea5a300000)]
  0x00000241d9eebd40 JavaThread "Unconstrained build operations Thread 47" [_thread_blocked, id=132, stack(0x000000ea5a300000,0x000000ea5a400000)]
  0x00000241d9f93d30 JavaThread "Unconstrained build operations Thread 48" [_thread_blocked, id=19464, stack(0x000000ea5a400000,0x000000ea5a500000)]
  0x00000241d9f95540 JavaThread "Unconstrained build operations Thread 49" [_thread_blocked, id=18500, stack(0x000000ea5a500000,0x000000ea5a600000)]
  0x00000241d9f90370 JavaThread "Unconstrained build operations Thread 50" [_thread_blocked, id=27536, stack(0x000000ea5a600000,0x000000ea5a700000)]
  0x00000241d9f8e690 JavaThread "Unconstrained build operations Thread 51" [_thread_blocked, id=26052, stack(0x000000ea5a700000,0x000000ea5a800000)]
  0x00000241d9f94ba0 JavaThread "Unconstrained build operations Thread 52" [_thread_blocked, id=20888, stack(0x000000ea5a800000,0x000000ea5a900000)]
  0x00000241d9f8f030 JavaThread "Unconstrained build operations Thread 53" [_thread_blocked, id=17176, stack(0x000000ea5a900000,0x000000ea5aa00000)]
  0x00000241d9f92050 JavaThread "Unconstrained build operations Thread 54" [_thread_blocked, id=15392, stack(0x000000ea5aa00000,0x000000ea5ab00000)]
  0x00000241d9f92520 JavaThread "Unconstrained build operations Thread 55" [_thread_blocked, id=25748, stack(0x000000ea5ab00000,0x000000ea5ac00000)]
  0x00000241d9f8eb60 JavaThread "Unconstrained build operations Thread 56" [_thread_blocked, id=27868, stack(0x000000ea5ac00000,0x000000ea5ad00000)]
  0x00000241d9f94200 JavaThread "Unconstrained build operations Thread 57" [_thread_blocked, id=11664, stack(0x000000ea5ad00000,0x000000ea5ae00000)]
  0x00000241d9f8e1c0 JavaThread "Unconstrained build operations Thread 58" [_thread_blocked, id=16944, stack(0x000000ea5ae00000,0x000000ea5af00000)]
  0x00000241d9f8f500 JavaThread "Unconstrained build operations Thread 59" [_thread_blocked, id=15068, stack(0x000000ea5af00000,0x000000ea5b000000)]
  0x00000241d9f929f0 JavaThread "Unconstrained build operations Thread 60" [_thread_blocked, id=11928, stack(0x000000ea5b000000,0x000000ea5b100000)]
  0x00000241d9f91b80 JavaThread "Unconstrained build operations Thread 61" [_thread_blocked, id=26976, stack(0x000000ea5b100000,0x000000ea5b200000)]
  0x00000241d9f92ec0 JavaThread "Unconstrained build operations Thread 62" [_thread_blocked, id=20692, stack(0x000000ea5b200000,0x000000ea5b300000)]
  0x00000241d9f8dcf0 JavaThread "Unconstrained build operations Thread 63" [_thread_blocked, id=28480, stack(0x000000ea5b300000,0x000000ea5b400000)]
  0x00000241d9f90d10 JavaThread "Unconstrained build operations Thread 64" [_thread_blocked, id=20072, stack(0x000000ea5b400000,0x000000ea5b500000)]
  0x00000241d9f95070 JavaThread "Unconstrained build operations Thread 65" [_thread_blocked, id=22268, stack(0x000000ea5b500000,0x000000ea5b600000)]
  0x00000241d9f93390 JavaThread "Unconstrained build operations Thread 66" [_thread_blocked, id=31632, stack(0x000000ea5b600000,0x000000ea5b700000)]
  0x00000241d9f93860 JavaThread "Unconstrained build operations Thread 67" [_thread_blocked, id=26108, stack(0x000000ea5b700000,0x000000ea5b800000)]
  0x00000241d9f946d0 JavaThread "Unconstrained build operations Thread 68" [_thread_blocked, id=19092, stack(0x000000ea5b800000,0x000000ea5b900000)]
  0x00000241d9f8fea0 JavaThread "Unconstrained build operations Thread 69" [_thread_blocked, id=22792, stack(0x000000ea5b900000,0x000000ea5ba00000)]
  0x00000241d9f90840 JavaThread "Unconstrained build operations Thread 70" [_thread_blocked, id=22384, stack(0x000000ea5ba00000,0x000000ea5bb00000)]
  0x00000241d9f8f9d0 JavaThread "Unconstrained build operations Thread 71" [_thread_blocked, id=29028, stack(0x000000ea5bb00000,0x000000ea5bc00000)]
  0x00000241d9f911e0 JavaThread "Unconstrained build operations Thread 72" [_thread_blocked, id=21852, stack(0x000000ea5bc00000,0x000000ea5bd00000)]
  0x00000241d9f916b0 JavaThread "Unconstrained build operations Thread 73" [_thread_blocked, id=17644, stack(0x000000ea5bd00000,0x000000ea5be00000)]
  0x00000241da5cd470 JavaThread "Unconstrained build operations Thread 74" [_thread_blocked, id=11236, stack(0x000000ea5be00000,0x000000ea5bf00000)]
  0x00000241da5ccfa0 JavaThread "Unconstrained build operations Thread 75" [_thread_blocked, id=19604, stack(0x000000ea5bf00000,0x000000ea5c000000)]
  0x00000241da5cd940 JavaThread "Unconstrained build operations Thread 76" [_thread_blocked, id=16648, stack(0x000000ea5c000000,0x000000ea5c100000)]
  0x00000241da5cde10 JavaThread "Unconstrained build operations Thread 77" [_thread_blocked, id=6180, stack(0x000000ea5c100000,0x000000ea5c200000)]
  0x00000241da5ce2e0 JavaThread "Unconstrained build operations Thread 78" [_thread_blocked, id=19708, stack(0x000000ea5c200000,0x000000ea5c300000)]
  0x00000241da5cc130 JavaThread "Unconstrained build operations Thread 79" [_thread_blocked, id=19492, stack(0x000000ea5c300000,0x000000ea5c400000)]
  0x00000241da5ca920 JavaThread "Unconstrained build operations Thread 80" [_thread_blocked, id=14628, stack(0x000000ea5c400000,0x000000ea5c500000)]
  0x00000241da5cb2c0 JavaThread "jar transforms Thread 4" [_thread_blocked, id=27404, stack(0x000000ea5c500000,0x000000ea5c600000)]
  0x00000241da5cbc60 JavaThread "jar transforms Thread 5" [_thread_blocked, id=29688, stack(0x000000ea5c600000,0x000000ea5c700000)]
  0x00000241da5cadf0 JavaThread "jar transforms Thread 6" [_thread_blocked, id=28776, stack(0x000000ea5c700000,0x000000ea5c800000)]
  0x00000241da5cb790 JavaThread "jar transforms Thread 7" [_thread_blocked, id=24816, stack(0x000000ea5c800000,0x000000ea5c900000)]
  0x00000241da5cc600 JavaThread "jar transforms Thread 8" [_thread_blocked, id=20680, stack(0x000000ea5c900000,0x000000ea5ca00000)]
  0x00000241da5ccad0 JavaThread "Memory manager" [_thread_blocked, id=30744, stack(0x000000ea5ca00000,0x000000ea5cb00000)]
  0x00000241d5f4e5b0 JavaThread "Cache worker for kotlin-dsl (C:\Users\manal.rana.DESKTOP-MQ59VGA\.gradle\caches\7.5\kotlin-dsl)" [_thread_blocked, id=17820, stack(0x000000ea5cb00000,0x000000ea5cc00000)]

Other Threads:
=>0x00000241d46bdc50 VMThread "VM Thread" [stack: 0x000000ea54600000,0x000000ea54700000] [id=31628]
  0x00000241bbbde6e0 WatcherThread [stack: 0x000000ea55200000,0x000000ea55300000] [id=25716]
  0x00000241bbbc4060 GCTaskThread "GC Thread#0" [stack: 0x000000ea54100000,0x000000ea54200000] [id=28404]
  0x00000241d5d32480 GCTaskThread "GC Thread#1" [stack: 0x000000ea55300000,0x000000ea55400000] [id=10200]
  0x00000241d5fb96c0 GCTaskThread "GC Thread#2" [stack: 0x000000ea55400000,0x000000ea55500000] [id=17240]
  0x00000241d5fb9970 GCTaskThread "GC Thread#3" [stack: 0x000000ea55500000,0x000000ea55600000] [id=23376]
  0x00000241d61c71d0 GCTaskThread "GC Thread#4" [stack: 0x000000ea55600000,0x000000ea55700000] [id=21256]
  0x00000241d79ae030 GCTaskThread "GC Thread#5" [stack: 0x000000ea55a00000,0x000000ea55b00000] [id=19096]
  0x00000241d79ae2e0 GCTaskThread "GC Thread#6" [stack: 0x000000ea55b00000,0x000000ea55c00000] [id=16248]
  0x00000241d79ae590 GCTaskThread "GC Thread#7" [stack: 0x000000ea55c00000,0x000000ea55d00000] [id=236]
  0x00000241bbbd1070 ConcurrentGCThread "G1 Main Marker" [stack: 0x000000ea54200000,0x000000ea54300000] [id=18788]
  0x00000241bbbd2220 ConcurrentGCThread "G1 Conc#0" [stack: 0x000000ea54300000,0x000000ea54400000] [id=28164]
  0x00000241d7859120 ConcurrentGCThread "G1 Conc#1" [stack: 0x000000ea56600000,0x000000ea56700000] [id=25016]
  0x00000241bbc34cd0 ConcurrentGCThread "G1 Refine#0" [stack: 0x000000ea54400000,0x000000ea54500000] [id=18876]
  0x00000241bbc356f0 ConcurrentGCThread "G1 Service" [stack: 0x000000ea54500000,0x000000ea54600000] [id=29460]

Threads with active compile tasks:

VM state: at safepoint (normal execution)

VM Mutex/Monitor currently owned by a thread:  ([mutex/lock_event])
[0x00000241bbb71190] Threads_lock - owner thread: 0x00000241d46bdc50
[0x00000241bbb70ad0] Heap_lock - owner thread: 0x00000241d68e1450

Heap address: 0x00000000a0000000, size: 1536 MB, Compressed Oops mode: 32-bit

CDS archive(s) not mapped
Compressed class space mapped at: 0x0000000100000000-0x0000000140000000, reserved size: 1073741824
Narrow klass base: 0x0000000000000000, Narrow klass shift: 3, Narrow klass range: 0x140000000

GC Precious Log:
 CPUs: 8 total, 8 available
 Memory: 4031M
 Large Page Support: Disabled
 NUMA Support: Disabled
 Compressed Oops: Enabled (32-bit)
 Heap Region Size: 1M
 Heap Min Capacity: 8M
 Heap Initial Capacity: 64M
 Heap Max Capacity: 1536M
 Pre-touch: Disabled
 Parallel Workers: 8
 Concurrent Workers: 2
 Concurrent Refinement Workers: 8
 Periodic GC: Disabled

Heap:
 garbage-first heap   total 206848K, used 114688K [0x00000000a0000000, 0x0000000100000000)
  region size 1024K, 8 young (8192K), 8 survivors (8192K)
 Metaspace       used 106821K, committed 107648K, reserved 1146880K
  class space    used 14318K, committed 14656K, reserved 1048576K

Heap Regions: E=young(eden), S=young(survivor), O=old, HS=humongous(starts), HC=humongous(continues), CS=collection set, F=free, OA=open archive, CA=closed archive, TAMS=top-at-mark-start (previous, next)
|   0|0x00000000a0000000, 0x00000000a0100000, 0x00000000a0100000|100%| O|  |TAMS 0x00000000a0100000, 0x00000000a0000000| Untracked 
|   1|0x00000000a0100000, 0x00000000a0200000, 0x00000000a0200000|100%| O|  |TAMS 0x00000000a0200000, 0x00000000a0100000| Untracked 
|   2|0x00000000a0200000, 0x00000000a0300000, 0x00000000a0300000|100%| O|  |TAMS 0x00000000a0300000, 0x00000000a0200000| Untracked 
|   3|0x00000000a0300000, 0x00000000a0400000, 0x00000000a0400000|100%|HS|  |TAMS 0x00000000a0400000, 0x00000000a0300000| Complete 
|   4|0x00000000a0400000, 0x00000000a0500000, 0x00000000a0500000|100%|HC|  |TAMS 0x00000000a0500000, 0x00000000a0400000| Complete 
|   5|0x00000000a0500000, 0x00000000a0600000, 0x00000000a0600000|100%|HC|  |TAMS 0x00000000a0600000, 0x00000000a0500000| Complete 
|   6|0x00000000a0600000, 0x00000000a0700000, 0x00000000a0700000|100%| O|  |TAMS 0x00000000a0700000, 0x00000000a0600000| Untracked 
|   7|0x00000000a0700000, 0x00000000a0800000, 0x00000000a0800000|100%| O|  |TAMS 0x00000000a0800000, 0x00000000a0700000| Untracked 
|   8|0x00000000a0800000, 0x00000000a0900000, 0x00000000a0900000|100%| O|  |TAMS 0x00000000a0900000, 0x00000000a0800000| Untracked 
|   9|0x00000000a0900000, 0x00000000a0a00000, 0x00000000a0a00000|100%| O|  |TAMS 0x00000000a0a00000, 0x00000000a0900000| Untracked 
|  10|0x00000000a0a00000, 0x00000000a0b00000, 0x00000000a0b00000|100%| O|  |TAMS 0x00000000a0b00000, 0x00000000a0a00000| Untracked 
|  11|0x00000000a0b00000, 0x00000000a0c00000, 0x00000000a0c00000|100%| O|  |TAMS 0x00000000a0c00000, 0x00000000a0b00000| Untracked 
|  12|0x00000000a0c00000, 0x00000000a0d00000, 0x00000000a0d00000|100%| O|  |TAMS 0x00000000a0d00000, 0x00000000a0c00000| Untracked 
|  13|0x00000000a0d00000, 0x00000000a0e00000, 0x00000000a0e00000|100%| O|  |TAMS 0x00000000a0e00000, 0x00000000a0d00000| Untracked 
|  14|0x00000000a0e00000, 0x00000000a0f00000, 0x00000000a0f00000|100%| O|  |TAMS 0x00000000a0f00000, 0x00000000a0e00000| Untracked 
|  15|0x00000000a0f00000, 0x00000000a1000000, 0x00000000a1000000|100%| O|  |TAMS 0x00000000a1000000, 0x00000000a0f00000| Untracked 
|  16|0x00000000a1000000, 0x00000000a1100000, 0x00000000a1100000|100%| O|  |TAMS 0x00000000a1100000, 0x00000000a1000000| Untracked 
|  17|0x00000000a1100000, 0x00000000a1200000, 0x00000000a1200000|100%| O|  |TAMS 0x00000000a1200000, 0x00000000a1100000| Untracked 
|  18|0x00000000a1200000, 0x00000000a1300000, 0x00000000a1300000|100%| O|  |TAMS 0x00000000a1300000, 0x00000000a1200000| Untracked 
|  19|0x00000000a1300000, 0x00000000a1400000, 0x00000000a1400000|100%| O|  |TAMS 0x00000000a1400000, 0x00000000a1300000| Untracked 
|  20|0x00000000a1400000, 0x00000000a1500000, 0x00000000a1500000|100%| O|  |TAMS 0x00000000a1500000, 0x00000000a1400000| Untracked 
|  21|0x00000000a1500000, 0x00000000a1600000, 0x00000000a1600000|100%| O|  |TAMS 0x00000000a1500000, 0x00000000a1500000| Untracked 
|  22|0x00000000a1600000, 0x00000000a1700000, 0x00000000a1700000|100%| O|  |TAMS 0x00000000a1700000, 0x00000000a1600000| Untracked 
|  23|0x00000000a1700000, 0x00000000a1800000, 0x00000000a1800000|100%| O|  |TAMS 0x00000000a1800000, 0x00000000a1700000| Untracked 
|  24|0x00000000a1800000, 0x00000000a1900000, 0x00000000a1900000|100%| O|  |TAMS 0x00000000a1900000, 0x00000000a1800000| Untracked 
|  25|0x00000000a1900000, 0x00000000a1a00000, 0x00000000a1a00000|100%| O|  |TAMS 0x00000000a1a00000, 0x00000000a1900000| Untracked 
|  26|0x00000000a1a00000, 0x00000000a1b00000, 0x00000000a1b00000|100%| O|  |TAMS 0x00000000a1b00000, 0x00000000a1a00000| Untracked 
|  27|0x00000000a1b00000, 0x00000000a1c00000, 0x00000000a1c00000|100%| O|  |TAMS 0x00000000a1c00000, 0x00000000a1b00000| Untracked 
|  28|0x00000000a1c00000, 0x00000000a1d00000, 0x00000000a1d00000|100%| O|  |TAMS 0x00000000a1d00000, 0x00000000a1c00000| Untracked 
|  29|0x00000000a1d00000, 0x00000000a1e00000, 0x00000000a1e00000|100%| O|  |TAMS 0x00000000a1e00000, 0x00000000a1d00000| Untracked 
|  30|0x00000000a1e00000, 0x00000000a1f00000, 0x00000000a1f00000|100%| O|  |TAMS 0x00000000a1f00000, 0x00000000a1e00000| Untracked 
|  31|0x00000000a1f00000, 0x00000000a2000000, 0x00000000a2000000|100%| O|  |TAMS 0x00000000a2000000, 0x00000000a1f00000| Untracked 
|  32|0x00000000a2000000, 0x00000000a2100000, 0x00000000a2100000|100%|HS|  |TAMS 0x00000000a2100000, 0x00000000a2000000| Complete 
|  33|0x00000000a2100000, 0x00000000a2200000, 0x00000000a2200000|100%|HS|  |TAMS 0x00000000a2200000, 0x00000000a2100000| Complete 
|  34|0x00000000a2200000, 0x00000000a2300000, 0x00000000a2300000|100%| O|  |TAMS 0x00000000a2300000, 0x00000000a2200000| Untracked 
|  35|0x00000000a2300000, 0x00000000a2400000, 0x00000000a2400000|100%| O|  |TAMS 0x00000000a2400000, 0x00000000a2300000| Untracked 
|  36|0x00000000a2400000, 0x00000000a2500000, 0x00000000a2500000|100%| O|  |TAMS 0x00000000a2500000, 0x00000000a2400000| Untracked 
|  37|0x00000000a2500000, 0x00000000a2600000, 0x00000000a2600000|100%|HS|  |TAMS 0x00000000a2600000, 0x00000000a2500000| Complete 
|  38|0x00000000a2600000, 0x00000000a2700000, 0x00000000a2700000|100%|HC|  |TAMS 0x00000000a2700000, 0x00000000a2600000| Complete 
|  39|0x00000000a2700000, 0x00000000a2800000, 0x00000000a2800000|100%| O|  |TAMS 0x00000000a2800000, 0x00000000a2700000| Untracked 
|  40|0x00000000a2800000, 0x00000000a2900000, 0x00000000a2900000|100%| O|  |TAMS 0x00000000a2900000, 0x00000000a2800000| Untracked 
|  41|0x00000000a2900000, 0x00000000a2a00000, 0x00000000a2a00000|100%| O|  |TAMS 0x00000000a2a00000, 0x00000000a2900000| Untracked 
|  42|0x00000000a2a00000, 0x00000000a2b00000, 0x00000000a2b00000|100%| O|  |TAMS 0x00000000a2b00000, 0x00000000a2a00000| Untracked 
|  43|0x00000000a2b00000, 0x00000000a2c00000, 0x00000000a2c00000|100%| O|  |TAMS 0x00000000a2c00000, 0x00000000a2b00000| Untracked 
|  44|0x00000000a2c00000, 0x00000000a2d00000, 0x00000000a2d00000|100%| O|  |TAMS 0x00000000a2d00000, 0x00000000a2c00000| Untracked 
|  45|0x00000000a2d00000, 0x00000000a2e00000, 0x00000000a2e00000|100%| O|  |TAMS 0x00000000a2d00000, 0x00000000a2d00000| Untracked 
|  46|0x00000000a2e00000, 0x00000000a2f00000, 0x00000000a2f00000|100%| O|  |TAMS 0x00000000a2f00000, 0x00000000a2e00000| Untracked 
|  47|0x00000000a2f00000, 0x00000000a3000000, 0x00000000a3000000|100%| O|  |TAMS 0x00000000a3000000, 0x00000000a2f00000| Untracked 
|  48|0x00000000a3000000, 0x00000000a3100000, 0x00000000a3100000|100%| O|  |TAMS 0x00000000a3100000, 0x00000000a3000000| Untracked 
|  49|0x00000000a3100000, 0x00000000a3200000, 0x00000000a3200000|100%| O|  |TAMS 0x00000000a3200000, 0x00000000a3100000| Untracked 
|  50|0x00000000a3200000, 0x00000000a3300000, 0x00000000a3300000|100%| O|  |TAMS 0x00000000a3300000, 0x00000000a3200000| Untracked 
|  51|0x00000000a3300000, 0x00000000a3400000, 0x00000000a3400000|100%| O|  |TAMS 0x00000000a3400000, 0x00000000a3300000| Untracked 
|  52|0x00000000a3400000, 0x00000000a3500000, 0x00000000a3500000|100%| O|  |TAMS 0x00000000a3500000, 0x00000000a3400000| Untracked 
|  53|0x00000000a3500000, 0x00000000a3600000, 0x00000000a3600000|100%| O|  |TAMS 0x00000000a3600000, 0x00000000a3500000| Untracked 
|  54|0x00000000a3600000, 0x00000000a3700000, 0x00000000a3700000|100%|HS|  |TAMS 0x00000000a3700000, 0x00000000a3600000| Complete 
|  55|0x00000000a3700000, 0x00000000a3800000, 0x00000000a3800000|100%|HS|  |TAMS 0x00000000a3800000, 0x00000000a3700000| Complete 
|  56|0x00000000a3800000, 0x00000000a3900000, 0x00000000a3900000|100%| O|  |TAMS 0x00000000a3900000, 0x00000000a3800000| Untracked 
|  57|0x00000000a3900000, 0x00000000a3a00000, 0x00000000a3a00000|100%| O|  |TAMS 0x00000000a3a00000, 0x00000000a3900000| Untracked 
|  58|0x00000000a3a00000, 0x00000000a3b00000, 0x00000000a3b00000|100%| O|  |TAMS 0x00000000a3b00000, 0x00000000a3a00000| Untracked 
|  59|0x00000000a3b00000, 0x00000000a3c00000, 0x00000000a3c00000|100%| O|  |TAMS 0x00000000a3c00000, 0x00000000a3b00000| Untracked 
|  60|0x00000000a3c00000, 0x00000000a3d00000, 0x00000000a3d00000|100%| O|  |TAMS 0x00000000a3d00000, 0x00000000a3c00000| Untracked 
|  61|0x00000000a3d00000, 0x00000000a3e00000, 0x00000000a3e00000|100%| O|  |TAMS 0x00000000a3e00000, 0x00000000a3d00000| Untracked 
|  62|0x00000000a3e00000, 0x00000000a3f00000, 0x00000000a3f00000|100%| O|  |TAMS 0x00000000a3f00000, 0x00000000a3e00000| Untracked 
|  63|0x00000000a3f00000, 0x00000000a4000000, 0x00000000a4000000|100%| O|  |TAMS 0x00000000a4000000, 0x00000000a3f00000| Untracked 
|  64|0x00000000a4000000, 0x00000000a4100000, 0x00000000a4100000|100%| O|  |TAMS 0x00000000a4100000, 0x00000000a4000000| Untracked 
|  65|0x00000000a4100000, 0x00000000a4200000, 0x00000000a4200000|100%| O|  |TAMS 0x00000000a413ec00, 0x00000000a4100000| Untracked 
|  66|0x00000000a4200000, 0x00000000a4300000, 0x00000000a4300000|100%| O|  |TAMS 0x00000000a4200000, 0x00000000a4200000| Untracked 
|  67|0x00000000a4300000, 0x00000000a4400000, 0x00000000a4400000|100%| O|  |TAMS 0x00000000a4300000, 0x00000000a4300000| Untracked 
|  68|0x00000000a4400000, 0x00000000a4500000, 0x00000000a4500000|100%| O|  |TAMS 0x00000000a4400000, 0x00000000a4400000| Untracked 
|  69|0x00000000a4500000, 0x00000000a4600000, 0x00000000a4600000|100%| O|  |TAMS 0x00000000a4500000, 0x00000000a4500000| Untracked 
|  70|0x00000000a4600000, 0x00000000a4700000, 0x00000000a4700000|100%| O|  |TAMS 0x00000000a4600000, 0x00000000a4600000| Untracked 
|  71|0x00000000a4700000, 0x00000000a4800000, 0x00000000a4800000|100%| O|  |TAMS 0x00000000a4700000, 0x00000000a4700000| Untracked 
|  72|0x00000000a4800000, 0x00000000a4900000, 0x00000000a4900000|100%| O|  |TAMS 0x00000000a4800000, 0x00000000a4800000| Untracked 
|  73|0x00000000a4900000, 0x00000000a4a00000, 0x00000000a4a00000|100%| O|  |TAMS 0x00000000a4900000, 0x00000000a4900000| Untracked 
|  74|0x00000000a4a00000, 0x00000000a4b00000, 0x00000000a4b00000|100%| O|  |TAMS 0x00000000a4a00000, 0x00000000a4a00000| Untracked 
|  75|0x00000000a4b00000, 0x00000000a4c00000, 0x00000000a4c00000|100%| O|  |TAMS 0x00000000a4b00000, 0x00000000a4b00000| Untracked 
|  76|0x00000000a4c00000, 0x00000000a4d00000, 0x00000000a4d00000|100%| O|  |TAMS 0x00000000a4c00000, 0x00000000a4c00000| Untracked 
|  77|0x00000000a4d00000, 0x00000000a4e00000, 0x00000000a4e00000|100%|HS|  |TAMS 0x00000000a4d00000, 0x00000000a4d00000| Complete 
|  78|0x00000000a4e00000, 0x00000000a4f00000, 0x00000000a4f00000|100%|HS|  |TAMS 0x00000000a4e00000, 0x00000000a4e00000| Complete 
|  79|0x00000000a4f00000, 0x00000000a5000000, 0x00000000a5000000|100%|HS|  |TAMS 0x00000000a4f00000, 0x00000000a4f00000| Complete 
|  80|0x00000000a5000000, 0x00000000a5100000, 0x00000000a5100000|100%|HC|  |TAMS 0x00000000a5000000, 0x00000000a5000000| Complete 
|  81|0x00000000a5100000, 0x00000000a5200000, 0x00000000a5200000|100%|HC|  |TAMS 0x00000000a5100000, 0x00000000a5100000| Complete 
|  82|0x00000000a5200000, 0x00000000a5300000, 0x00000000a5300000|100%| O|  |TAMS 0x00000000a5200000, 0x00000000a5200000| Untracked 
|  83|0x00000000a5300000, 0x00000000a5400000, 0x00000000a5400000|100%| O|  |TAMS 0x00000000a5300000, 0x00000000a5300000| Untracked 
|  84|0x00000000a5400000, 0x00000000a5500000, 0x00000000a5500000|100%| O|  |TAMS 0x00000000a5400000, 0x00000000a5400000| Untracked 
|  85|0x00000000a5500000, 0x00000000a5600000, 0x00000000a5600000|100%| O|  |TAMS 0x00000000a5500000, 0x00000000a5500000| Untracked 
|  86|0x00000000a5600000, 0x00000000a5700000, 0x00000000a5700000|100%| O|  |TAMS 0x00000000a5600000, 0x00000000a5600000| Untracked 
|  87|0x00000000a5700000, 0x00000000a5800000, 0x00000000a5800000|100%| O|  |TAMS 0x00000000a5700000, 0x00000000a5700000| Untracked 
|  88|0x00000000a5800000, 0x00000000a5900000, 0x00000000a5900000|100%| O|  |TAMS 0x00000000a5800000, 0x00000000a5800000| Untracked 
|  89|0x00000000a5900000, 0x00000000a5a00000, 0x00000000a5a00000|100%| O|  |TAMS 0x00000000a5900000, 0x00000000a5900000| Untracked 
|  90|0x00000000a5a00000, 0x00000000a5b00000, 0x00000000a5b00000|100%| O|  |TAMS 0x00000000a5a00000, 0x00000000a5a00000| Untracked 
|  91|0x00000000a5b00000, 0x00000000a5c00000, 0x00000000a5c00000|100%| O|  |TAMS 0x00000000a5b00000, 0x00000000a5b00000| Untracked 
|  92|0x00000000a5c00000, 0x00000000a5d00000, 0x00000000a5d00000|100%| O|  |TAMS 0x00000000a5c00000, 0x00000000a5c00000| Untracked 
|  93|0x00000000a5d00000, 0x00000000a5e00000, 0x00000000a5e00000|100%| O|  |TAMS 0x00000000a5d00000, 0x00000000a5d00000| Untracked 
|  94|0x00000000a5e00000, 0x00000000a5f00000, 0x00000000a5f00000|100%| O|  |TAMS 0x00000000a5e00000, 0x00000000a5e00000| Untracked 
|  95|0x00000000a5f00000, 0x00000000a6000000, 0x00000000a6000000|100%| O|  |TAMS 0x00000000a5f00000, 0x00000000a5f00000| Untracked 
|  96|0x00000000a6000000, 0x00000000a6100000, 0x00000000a6100000|100%| O|  |TAMS 0x00000000a6000000, 0x00000000a6000000| Untracked 
|  97|0x00000000a6100000, 0x00000000a6200000, 0x00000000a6200000|100%| O|  |TAMS 0x00000000a6100000, 0x00000000a6100000| Untracked 
|  98|0x00000000a6200000, 0x00000000a6300000, 0x00000000a6300000|100%| O|  |TAMS 0x00000000a6200000, 0x00000000a6200000| Untracked 
|  99|0x00000000a6300000, 0x00000000a6400000, 0x00000000a6400000|100%| O|  |TAMS 0x00000000a6300000, 0x00000000a6300000| Untracked 
| 100|0x00000000a6400000, 0x00000000a6500000, 0x00000000a6500000|100%| O|  |TAMS 0x00000000a6400000, 0x00000000a6400000| Untracked 
| 101|0x00000000a6500000, 0x00000000a6600000, 0x00000000a6600000|100%| O|  |TAMS 0x00000000a6500000, 0x00000000a6500000| Untracked 
| 102|0x00000000a6600000, 0x00000000a6700000, 0x00000000a6700000|100%| O|  |TAMS 0x00000000a6600000, 0x00000000a6600000| Untracked 
| 103|0x00000000a6700000, 0x00000000a6800000, 0x00000000a6800000|100%| O|  |TAMS 0x00000000a6700000, 0x00000000a6700000| Untracked 
| 104|0x00000000a6800000, 0x00000000a6800000, 0x00000000a6900000|  0%| F|  |TAMS 0x00000000a6800000, 0x00000000a6800000| Untracked 
| 105|0x00000000a6900000, 0x00000000a6900000, 0x00000000a6a00000|  0%| F|  |TAMS 0x00000000a6900000, 0x00000000a6900000| Untracked 
| 106|0x00000000a6a00000, 0x00000000a6a00000, 0x00000000a6b00000|  0%| F|  |TAMS 0x00000000a6a00000, 0x00000000a6a00000| Untracked 
| 107|0x00000000a6b00000, 0x00000000a6b00000, 0x00000000a6c00000|  0%| F|  |TAMS 0x00000000a6b00000, 0x00000000a6b00000| Untracked 
| 108|0x00000000a6c00000, 0x00000000a6c00000, 0x00000000a6d00000|  0%| F|  |TAMS 0x00000000a6c00000, 0x00000000a6c00000| Untracked 
| 109|0x00000000a6d00000, 0x00000000a6d00000, 0x00000000a6e00000|  0%| F|  |TAMS 0x00000000a6d00000, 0x00000000a6d00000| Untracked 
| 110|0x00000000a6e00000, 0x00000000a6e00000, 0x00000000a6f00000|  0%| F|  |TAMS 0x00000000a6e00000, 0x00000000a6e00000| Untracked 
| 111|0x00000000a6f00000, 0x00000000a6f00000, 0x00000000a7000000|  0%| F|  |TAMS 0x00000000a6f00000, 0x00000000a6f00000| Untracked 
| 112|0x00000000a7000000, 0x00000000a7000000, 0x00000000a7100000|  0%| F|  |TAMS 0x00000000a7000000, 0x00000000a7000000| Untracked 
| 113|0x00000000a7100000, 0x00000000a7100000, 0x00000000a7200000|  0%| F|  |TAMS 0x00000000a7100000, 0x00000000a7100000| Untracked 
| 114|0x00000000a7200000, 0x00000000a7200000, 0x00000000a7300000|  0%| F|  |TAMS 0x00000000a7200000, 0x00000000a7200000| Untracked 
| 115|0x00000000a7300000, 0x00000000a7300000, 0x00000000a7400000|  0%| F|  |TAMS 0x00000000a7300000, 0x00000000a7300000| Untracked 
| 116|0x00000000a7400000, 0x00000000a7400000, 0x00000000a7500000|  0%| F|  |TAMS 0x00000000a7400000, 0x00000000a7400000| Untracked 
| 117|0x00000000a7500000, 0x00000000a7500000, 0x00000000a7600000|  0%| F|  |TAMS 0x00000000a7500000, 0x00000000a7500000| Untracked 
| 118|0x00000000a7600000, 0x00000000a7600000, 0x00000000a7700000|  0%| F|  |TAMS 0x00000000a7600000, 0x00000000a7600000| Untracked 
| 119|0x00000000a7700000, 0x00000000a7700000, 0x00000000a7800000|  0%| F|  |TAMS 0x00000000a7700000, 0x00000000a7700000| Untracked 
| 120|0x00000000a7800000, 0x00000000a7800000, 0x00000000a7900000|  0%| F|  |TAMS 0x00000000a7800000, 0x00000000a7800000| Untracked 
| 121|0x00000000a7900000, 0x00000000a7900000, 0x00000000a7a00000|  0%| F|  |TAMS 0x00000000a7900000, 0x00000000a7900000| Untracked 
| 122|0x00000000a7a00000, 0x00000000a7a00000, 0x00000000a7b00000|  0%| F|  |TAMS 0x00000000a7a00000, 0x00000000a7a00000| Untracked 
| 123|0x00000000a7b00000, 0x00000000a7b00000, 0x00000000a7c00000|  0%| F|  |TAMS 0x00000000a7b00000, 0x00000000a7b00000| Untracked 
| 124|0x00000000a7c00000, 0x00000000a7c00000, 0x00000000a7d00000|  0%| F|  |TAMS 0x00000000a7c00000, 0x00000000a7c00000| Untracked 
| 125|0x00000000a7d00000, 0x00000000a7d00000, 0x00000000a7e00000|  0%| F|  |TAMS 0x00000000a7d00000, 0x00000000a7d00000| Untracked 
| 126|0x00000000a7e00000, 0x00000000a7e00000, 0x00000000a7f00000|  0%| F|  |TAMS 0x00000000a7e00000, 0x00000000a7e00000| Untracked 
| 127|0x00000000a7f00000, 0x00000000a7f00000, 0x00000000a8000000|  0%| F|  |TAMS 0x00000000a7f00000, 0x00000000a7f00000| Untracked 
| 128|0x00000000a8000000, 0x00000000a8000000, 0x00000000a8100000|  0%| F|  |TAMS 0x00000000a8000000, 0x00000000a8000000| Untracked 
| 129|0x00000000a8100000, 0x00000000a8100000, 0x00000000a8200000|  0%| F|  |TAMS 0x00000000a8100000, 0x00000000a8100000| Untracked 
| 130|0x00000000a8200000, 0x00000000a8300000, 0x00000000a8300000|100%| S|CS|TAMS 0x00000000a8200000, 0x00000000a8200000| Complete 
| 131|0x00000000a8300000, 0x00000000a8400000, 0x00000000a8400000|100%| S|CS|TAMS 0x00000000a8300000, 0x00000000a8300000| Complete 
| 132|0x00000000a8400000, 0x00000000a8500000, 0x00000000a8500000|100%| S|CS|TAMS 0x00000000a8400000, 0x00000000a8400000| Complete 
| 133|0x00000000a8500000, 0x00000000a8600000, 0x00000000a8600000|100%| S|CS|TAMS 0x00000000a8500000, 0x00000000a8500000| Complete 
| 134|0x00000000a8600000, 0x00000000a8600000, 0x00000000a8700000|  0%| F|  |TAMS 0x00000000a8600000, 0x00000000a8600000| Untracked 
| 135|0x00000000a8700000, 0x00000000a8700000, 0x00000000a8800000|  0%| F|  |TAMS 0x00000000a8700000, 0x00000000a8700000| Untracked 
| 136|0x00000000a8800000, 0x00000000a8800000, 0x00000000a8900000|  0%| F|  |TAMS 0x00000000a8800000, 0x00000000a8800000| Untracked 
| 137|0x00000000a8900000, 0x00000000a8900000, 0x00000000a8a00000|  0%| F|  |TAMS 0x00000000a8900000, 0x00000000a8900000| Untracked 
| 138|0x00000000a8a00000, 0x00000000a8a00000, 0x00000000a8b00000|  0%| F|  |TAMS 0x00000000a8a00000, 0x00000000a8a00000| Untracked 
| 139|0x00000000a8b00000, 0x00000000a8b00000, 0x00000000a8c00000|  0%| F|  |TAMS 0x00000000a8b00000, 0x00000000a8b00000| Untracked 
| 140|0x00000000a8c00000, 0x00000000a8d00000, 0x00000000a8d00000|100%| S|CS|TAMS 0x00000000a8c00000, 0x00000000a8c00000| Complete 
| 141|0x00000000a8d00000, 0x00000000a8e00000, 0x00000000a8e00000|100%| S|CS|TAMS 0x00000000a8d00000, 0x00000000a8d00000| Complete 
| 142|0x00000000a8e00000, 0x00000000a8f00000, 0x00000000a8f00000|100%| S|CS|TAMS 0x00000000a8e00000, 0x00000000a8e00000| Complete 
| 143|0x00000000a8f00000, 0x00000000a9000000, 0x00000000a9000000|100%| S|CS|TAMS 0x00000000a8f00000, 0x00000000a8f00000| Complete 
| 144|0x00000000a9000000, 0x00000000a9000000, 0x00000000a9100000|  0%| F|  |TAMS 0x00000000a9000000, 0x00000000a9000000| Untracked 
| 145|0x00000000a9100000, 0x00000000a9100000, 0x00000000a9200000|  0%| F|  |TAMS 0x00000000a9100000, 0x00000000a9100000| Untracked 
| 146|0x00000000a9200000, 0x00000000a9200000, 0x00000000a9300000|  0%| F|  |TAMS 0x00000000a9200000, 0x00000000a9200000| Untracked 
| 147|0x00000000a9300000, 0x00000000a9300000, 0x00000000a9400000|  0%| F|  |TAMS 0x00000000a9300000, 0x00000000a9300000| Untracked 
| 148|0x00000000a9400000, 0x00000000a9400000, 0x00000000a9500000|  0%| F|  |TAMS 0x00000000a9400000, 0x00000000a9400000| Untracked 
| 149|0x00000000a9500000, 0x00000000a9500000, 0x00000000a9600000|  0%| F|  |TAMS 0x00000000a9500000, 0x00000000a9500000| Untracked 
| 150|0x00000000a9600000, 0x00000000a9600000, 0x00000000a9700000|  0%| F|  |TAMS 0x00000000a9600000, 0x00000000a9600000| Untracked 
| 151|0x00000000a9700000, 0x00000000a9700000, 0x00000000a9800000|  0%| F|  |TAMS 0x00000000a9700000, 0x00000000a9700000| Untracked 
| 152|0x00000000a9800000, 0x00000000a9800000, 0x00000000a9900000|  0%| F|  |TAMS 0x00000000a9800000, 0x00000000a9800000| Untracked 
| 153|0x00000000a9900000, 0x00000000a9900000, 0x00000000a9a00000|  0%| F|  |TAMS 0x00000000a9900000, 0x00000000a9900000| Untracked 
| 154|0x00000000a9a00000, 0x00000000a9a00000, 0x00000000a9b00000|  0%| F|  |TAMS 0x00000000a9a00000, 0x00000000a9a00000| Untracked 
| 155|0x00000000a9b00000, 0x00000000a9b00000, 0x00000000a9c00000|  0%| F|  |TAMS 0x00000000a9b00000, 0x00000000a9b00000| Untracked 
| 156|0x00000000a9c00000, 0x00000000a9c00000, 0x00000000a9d00000|  0%| F|  |TAMS 0x00000000a9c00000, 0x00000000a9c00000| Untracked 
| 157|0x00000000a9d00000, 0x00000000a9d00000, 0x00000000a9e00000|  0%| F|  |TAMS 0x00000000a9d00000, 0x00000000a9d00000| Untracked 
| 158|0x00000000a9e00000, 0x00000000a9e00000, 0x00000000a9f00000|  0%| F|  |TAMS 0x00000000a9e00000, 0x00000000a9e00000| Untracked 
| 159|0x00000000a9f00000, 0x00000000a9f00000, 0x00000000aa000000|  0%| F|  |TAMS 0x00000000a9f00000, 0x00000000a9f00000| Untracked 
| 160|0x00000000aa000000, 0x00000000aa000000, 0x00000000aa100000|  0%| F|  |TAMS 0x00000000aa000000, 0x00000000aa000000| Untracked 
| 161|0x00000000aa100000, 0x00000000aa100000, 0x00000000aa200000|  0%| F|  |TAMS 0x00000000aa100000, 0x00000000aa100000| Untracked 
| 162|0x00000000aa200000, 0x00000000aa200000, 0x00000000aa300000|  0%| F|  |TAMS 0x00000000aa200000, 0x00000000aa200000| Untracked 
| 163|0x00000000aa300000, 0x00000000aa300000, 0x00000000aa400000|  0%| F|  |TAMS 0x00000000aa300000, 0x00000000aa300000| Untracked 
| 164|0x00000000aa400000, 0x00000000aa400000, 0x00000000aa500000|  0%| F|  |TAMS 0x00000000aa400000, 0x00000000aa400000| Untracked 
| 165|0x00000000aa500000, 0x00000000aa500000, 0x00000000aa600000|  0%| F|  |TAMS 0x00000000aa500000, 0x00000000aa500000| Untracked 
| 166|0x00000000aa600000, 0x00000000aa600000, 0x00000000aa700000|  0%| F|  |TAMS 0x00000000aa600000, 0x00000000aa600000| Untracked 
| 167|0x00000000aa700000, 0x00000000aa700000, 0x00000000aa800000|  0%| F|  |TAMS 0x00000000aa700000, 0x00000000aa700000| Untracked 
| 168|0x00000000aa800000, 0x00000000aa800000, 0x00000000aa900000|  0%| F|  |TAMS 0x00000000aa800000, 0x00000000aa800000| Untracked 
| 169|0x00000000aa900000, 0x00000000aa900000, 0x00000000aaa00000|  0%| F|  |TAMS 0x00000000aa900000, 0x00000000aa900000| Untracked 
| 170|0x00000000aaa00000, 0x00000000aaa00000, 0x00000000aab00000|  0%| F|  |TAMS 0x00000000aaa00000, 0x00000000aaa00000| Untracked 
| 171|0x00000000aab00000, 0x00000000aab00000, 0x00000000aac00000|  0%| F|  |TAMS 0x00000000aab00000, 0x00000000aab00000| Untracked 
| 172|0x00000000aac00000, 0x00000000aac00000, 0x00000000aad00000|  0%| F|  |TAMS 0x00000000aac00000, 0x00000000aac00000| Untracked 
| 173|0x00000000aad00000, 0x00000000aad00000, 0x00000000aae00000|  0%| F|  |TAMS 0x00000000aad00000, 0x00000000aad00000| Untracked 
| 174|0x00000000aae00000, 0x00000000aae00000, 0x00000000aaf00000|  0%| F|  |TAMS 0x00000000aae00000, 0x00000000aae00000| Untracked 
| 175|0x00000000aaf00000, 0x00000000aaf00000, 0x00000000ab000000|  0%| F|  |TAMS 0x00000000aaf00000, 0x00000000aaf00000| Untracked 
| 176|0x00000000ab000000, 0x00000000ab000000, 0x00000000ab100000|  0%| F|  |TAMS 0x00000000ab000000, 0x00000000ab000000| Untracked 
| 177|0x00000000ab100000, 0x00000000ab100000, 0x00000000ab200000|  0%| F|  |TAMS 0x00000000ab100000, 0x00000000ab100000| Untracked 
| 178|0x00000000ab200000, 0x00000000ab200000, 0x00000000ab300000|  0%| F|  |TAMS 0x00000000ab200000, 0x00000000ab200000| Untracked 
| 179|0x00000000ab300000, 0x00000000ab300000, 0x00000000ab400000|  0%| F|  |TAMS 0x00000000ab300000, 0x00000000ab300000| Untracked 
| 180|0x00000000ab400000, 0x00000000ab400000, 0x00000000ab500000|  0%| F|  |TAMS 0x00000000ab400000, 0x00000000ab400000| Untracked 
| 181|0x00000000ab500000, 0x00000000ab500000, 0x00000000ab600000|  0%| F|  |TAMS 0x00000000ab500000, 0x00000000ab500000| Untracked 
| 182|0x00000000ab600000, 0x00000000ab600000, 0x00000000ab700000|  0%| F|  |TAMS 0x00000000ab600000, 0x00000000ab600000| Untracked 
| 183|0x00000000ab700000, 0x00000000ab700000, 0x00000000ab800000|  0%| F|  |TAMS 0x00000000ab700000, 0x00000000ab700000| Untracked 
| 184|0x00000000ab800000, 0x00000000ab800000, 0x00000000ab900000|  0%| F|  |TAMS 0x00000000ab800000, 0x00000000ab800000| Untracked 
| 185|0x00000000ab900000, 0x00000000ab900000, 0x00000000aba00000|  0%| F|  |TAMS 0x00000000ab900000, 0x00000000ab900000| Untracked 
| 186|0x00000000aba00000, 0x00000000aba00000, 0x00000000abb00000|  0%| F|  |TAMS 0x00000000aba00000, 0x00000000aba00000| Untracked 
| 187|0x00000000abb00000, 0x00000000abb00000, 0x00000000abc00000|  0%| F|  |TAMS 0x00000000abb00000, 0x00000000abb00000| Untracked 
| 188|0x00000000abc00000, 0x00000000abc00000, 0x00000000abd00000|  0%| F|  |TAMS 0x00000000abc00000, 0x00000000abc00000| Untracked 
| 189|0x00000000abd00000, 0x00000000abd00000, 0x00000000abe00000|  0%| F|  |TAMS 0x00000000abd00000, 0x00000000abd00000| Untracked 
| 190|0x00000000abe00000, 0x00000000abe00000, 0x00000000abf00000|  0%| F|  |TAMS 0x00000000abe00000, 0x00000000abe00000| Untracked 
| 191|0x00000000abf00000, 0x00000000abf00000, 0x00000000ac000000|  0%| F|  |TAMS 0x00000000abf00000, 0x00000000abf00000| Untracked 
| 192|0x00000000ac000000, 0x00000000ac000000, 0x00000000ac100000|  0%| F|  |TAMS 0x00000000ac000000, 0x00000000ac000000| Untracked 
| 193|0x00000000ac100000, 0x00000000ac100000, 0x00000000ac200000|  0%| F|  |TAMS 0x00000000ac100000, 0x00000000ac100000| Untracked 
| 194|0x00000000ac200000, 0x00000000ac200000, 0x00000000ac300000|  0%| F|  |TAMS 0x00000000ac200000, 0x00000000ac200000| Untracked 
| 195|0x00000000ac300000, 0x00000000ac300000, 0x00000000ac400000|  0%| F|  |TAMS 0x00000000ac300000, 0x00000000ac300000| Untracked 
| 196|0x00000000ac400000, 0x00000000ac400000, 0x00000000ac500000|  0%| F|  |TAMS 0x00000000ac400000, 0x00000000ac400000| Untracked 
| 197|0x00000000ac500000, 0x00000000ac500000, 0x00000000ac600000|  0%| F|  |TAMS 0x00000000ac500000, 0x00000000ac500000| Untracked 
| 198|0x00000000ac600000, 0x00000000ac600000, 0x00000000ac700000|  0%| F|  |TAMS 0x00000000ac600000, 0x00000000ac600000| Untracked 
| 199|0x00000000ac700000, 0x00000000ac700000, 0x00000000ac800000|  0%| F|  |TAMS 0x00000000ac700000, 0x00000000ac700000| Untracked 
| 200|0x00000000ac800000, 0x00000000ac800000, 0x00000000ac900000|  0%| F|  |TAMS 0x00000000ac800000, 0x00000000ac800000| Untracked 
| 201|0x00000000ac900000, 0x00000000ac900000, 0x00000000aca00000|  0%| F|  |TAMS 0x00000000ac900000, 0x00000000ac900000| Untracked 

Card table byte_map: [0x00000241ce670000,0x00000241ce970000] _byte_map_base: 0x00000241ce170000

Marking Bits (Prev, Next): (CMBitMap*) 0x00000241bbbc4670, (CMBitMap*) 0x00000241bbbc46b0
 Prev Bits: [0x00000241cec70000, 0x00000241d0470000)
 Next Bits: [0x00000241d0470000, 0x00000241d1c70000)

Polling page: 0x00000241b9b50000

Metaspace:

Usage:
  Non-class:     90.33 MB used.
      Class:     13.98 MB used.
       Both:    104.32 MB used.

Virtual space:
  Non-class space:       96.00 MB reserved,      90.81 MB ( 95%) committed,  12 nodes.
      Class space:        1.00 GB reserved,      14.31 MB (  1%) committed,  1 nodes.
             Both:        1.09 GB reserved,     105.12 MB (  9%) committed. 

Chunk freelists:
   Non-Class:  685.00 KB
       Class:  1.59 MB
        Both:  2.26 MB

MaxMetaspaceSize: unlimited
CompressedClassSpaceSize: 1.00 GB
Initial GC threshold: 21.00 MB
Current GC threshold: 120.88 MB
CDS: off
MetaspaceReclaimPolicy: balanced
 - commit_granule_bytes: 65536.
 - commit_granule_words: 8192.
 - virtual_space_node_default_size: 1048576.
 - enlarge_chunks_in_place: 1.
 - new_chunks_are_fully_committed: 0.
 - uncommit_free_chunks: 1.
 - use_allocation_guard: 0.
 - handle_deallocations: 1.


Internal statistics:

num_allocs_failed_limit: 10.
num_arena_births: 1036.
num_arena_deaths: 2.
num_vsnodes_births: 13.
num_vsnodes_deaths: 0.
num_space_committed: 1682.
num_space_uncommitted: 0.
num_chunks_returned_to_freelist: 17.
num_chunks_taken_from_freelist: 4972.
num_chunk_merges: 6.
num_chunk_splits: 3235.
num_chunks_enlarged: 2086.
num_purges: 2.
num_inconsistent_stats: 0.

CodeHeap 'non-profiled nmethods': size=120000Kb used=6201Kb max_used=6201Kb free=113798Kb
 bounds [0x00000241c6b10000, 0x00000241c7120000, 0x00000241ce040000]
CodeHeap 'profiled nmethods': size=120000Kb used=22227Kb max_used=22227Kb free=97772Kb
 bounds [0x00000241bf040000, 0x00000241c0600000, 0x00000241c6570000]
CodeHeap 'non-nmethods': size=5760Kb used=2434Kb max_used=2484Kb free=3325Kb
 bounds [0x00000241c6570000, 0x00000241c67f0000, 0x00000241c6b10000]
 total_blobs=12946 nmethods=11966 adapters=891
 compilation: enabled
              stopped_count=0, restarted_count=0
 full_count=0

Compilation events (20 events):
Event: 69.563 Thread 0x00000241d512d0e0 nmethod 14024 0x00000241c05f2510 code [0x00000241c05f26e0, 0x00000241c05f2a58]
Event: 69.563 Thread 0x00000241d512d0e0 14020       1       java.io.ObjectInputStream$HandleTable::size (5 bytes)
Event: 69.563 Thread 0x00000241d512d0e0 nmethod 14020 0x00000241c711ba10 code [0x00000241c711bba0, 0x00000241c711bc78]
Event: 69.563 Thread 0x00000241d512d0e0 14023       1       java.io.ObjectStreamClass$FieldReflectorKey::hashCode (5 bytes)
Event: 69.563 Thread 0x00000241d512d0e0 nmethod 14023 0x00000241c711bd10 code [0x00000241c711bea0, 0x00000241c711bf78]
Event: 69.563 Thread 0x00000241d512d0e0 14025       1       java.io.ObjectStreamClass::getName (5 bytes)
Event: 69.563 Thread 0x00000241d512d0e0 nmethod 14025 0x00000241c711c010 code [0x00000241c711c1a0, 0x00000241c711c278]
Event: 69.563 Thread 0x00000241d512d0e0 14026       1       java.io.ObjectStreamClass$FieldReflector::getFields (5 bytes)
Event: 69.563 Thread 0x00000241d512d0e0 nmethod 14026 0x00000241c711c310 code [0x00000241c711c4a0, 0x00000241c711c578]
Event: 69.563 Thread 0x00000241d512d0e0 14027       1       org.gradle.internal.snapshot.impl.MapEntrySnapshot::getKey (5 bytes)
Event: 69.563 Thread 0x00000241d512d0e0 nmethod 14027 0x00000241c711c610 code [0x00000241c711c7a0, 0x00000241c711c878]
Event: 69.563 Thread 0x00000241d512d0e0 14028       1       org.gradle.internal.snapshot.impl.MapEntrySnapshot::getValue (5 bytes)
Event: 69.563 Thread 0x00000241d512d0e0 nmethod 14028 0x00000241c711c910 code [0x00000241c711caa0, 0x00000241c711cb78]
Event: 69.563 Thread 0x00000241d512d0e0 14029       1       java.io.ObjectStreamClass::getResolveException (5 bytes)
Event: 69.564 Thread 0x00000241d512d0e0 nmethod 14029 0x00000241c711cc10 code [0x00000241c711cda0, 0x00000241c711ce78]
Event: 69.564 Thread 0x00000241d512d0e0 14031   !   3       java.io.ObjectInputStream::readTypeString (128 bytes)
Event: 69.565 Thread 0x00000241d512d0e0 nmethod 14031 0x00000241c05f2b10 code [0x00000241c05f2e60, 0x00000241c05f4188]
Event: 69.588 Thread 0x00000241d51247d0 nmethod 14030 0x00000241c711cf10 code [0x00000241c711d0a0, 0x00000241c711dcb8]
Event: 69.588 Thread 0x00000241d51247d0 14032       4       sun.reflect.generics.tree.ClassTypeSignature::accept (8 bytes)
Event: 69.589 Thread 0x00000241d51247d0 nmethod 14032 0x00000241c711e290 code [0x00000241c711e420, 0x00000241c711e4e8]

GC Heap History (20 events):
Event: 22.667 GC heap after
{Heap after GC invocations=43 (full 0):
 garbage-first heap   total 103424K, used 65695K [0x00000000a0000000, 0x0000000100000000)
  region size 1024K, 4 young (4096K), 4 survivors (4096K)
 Metaspace       used 72759K, committed 73280K, reserved 1114112K
  class space    used 9523K, committed 9792K, reserved 1048576K
}
Event: 22.687 GC heap before
{Heap before GC invocations=43 (full 0):
 garbage-first heap   total 103424K, used 66719K [0x00000000a0000000, 0x0000000100000000)
  region size 1024K, 5 young (5120K), 4 survivors (4096K)
 Metaspace       used 72790K, committed 73344K, reserved 1114112K
  class space    used 9527K, committed 9792K, reserved 1048576K
}
Event: 22.696 GC heap after
{Heap after GC invocations=44 (full 0):
 garbage-first heap   total 103424K, used 66183K [0x00000000a0000000, 0x0000000100000000)
  region size 1024K, 1 young (1024K), 1 survivors (1024K)
 Metaspace       used 72790K, committed 73344K, reserved 1114112K
  class space    used 9527K, committed 9792K, reserved 1048576K
}
Event: 23.425 GC heap before
{Heap before GC invocations=44 (full 0):
 garbage-first heap   total 103424K, used 84615K [0x00000000a0000000, 0x0000000100000000)
  region size 1024K, 19 young (19456K), 1 survivors (1024K)
 Metaspace       used 73483K, committed 74112K, reserved 1114112K
  class space    used 9644K, committed 9920K, reserved 1048576K
}
Event: 23.445 GC heap after
{Heap after GC invocations=45 (full 0):
 garbage-first heap   total 206848K, used 66741K [0x00000000a0000000, 0x0000000100000000)
  region size 1024K, 1 young (1024K), 1 survivors (1024K)
 Metaspace       used 73483K, committed 74112K, reserved 1114112K
  class space    used 9644K, committed 9920K, reserved 1048576K
}
Event: 26.560 GC heap before
{Heap before GC invocations=46 (full 0):
 garbage-first heap   total 206848K, used 136373K [0x00000000a0000000, 0x0000000100000000)
  region size 1024K, 69 young (70656K), 1 survivors (1024K)
 Metaspace       used 77305K, committed 77952K, reserved 1122304K
  class space    used 10280K, committed 10560K, reserved 1048576K
}
Event: 26.587 GC heap after
{Heap after GC invocations=47 (full 0):
 garbage-first heap   total 206848K, used 71430K [0x00000000a0000000, 0x0000000100000000)
  region size 1024K, 6 young (6144K), 6 survivors (6144K)
 Metaspace       used 77305K, committed 77952K, reserved 1122304K
  class space    used 10280K, committed 10560K, reserved 1048576K
}
Event: 26.723 GC heap before
{Heap before GC invocations=47 (full 0):
 garbage-first heap   total 206848K, used 74502K [0x00000000a0000000, 0x0000000100000000)
  region size 1024K, 10 young (10240K), 6 survivors (6144K)
 Metaspace       used 77792K, committed 78400K, reserved 1122304K
  class space    used 10383K, committed 10624K, reserved 1048576K
}
Event: 26.816 GC heap after
{Heap after GC invocations=48 (full 0):
 garbage-first heap   total 206848K, used 71863K [0x00000000a0000000, 0x0000000100000000)
  region size 1024K, 1 young (1024K), 1 survivors (1024K)
 Metaspace       used 77792K, committed 78400K, reserved 1122304K
  class space    used 10383K, committed 10624K, reserved 1048576K
}
Event: 30.109 GC heap before
{Heap before GC invocations=48 (full 0):
 garbage-first heap   total 206848K, used 160951K [0x00000000a0000000, 0x0000000100000000)
  region size 1024K, 88 young (90112K), 1 survivors (1024K)
 Metaspace       used 82215K, committed 82880K, reserved 1122304K
  class space    used 11129K, committed 11392K, reserved 1048576K
}
Event: 30.132 GC heap after
{Heap after GC invocations=49 (full 0):
 garbage-first heap   total 206848K, used 78774K [0x00000000a0000000, 0x0000000100000000)
  region size 1024K, 8 young (8192K), 8 survivors (8192K)
 Metaspace       used 82215K, committed 82880K, reserved 1122304K
  class space    used 11129K, committed 11392K, reserved 1048576K
}
Event: 52.801 GC heap before
{Heap before GC invocations=49 (full 0):
 garbage-first heap   total 206848K, used 157622K [0x00000000a0000000, 0x0000000100000000)
  region size 1024K, 86 young (88064K), 8 survivors (8192K)
 Metaspace       used 90662K, committed 91392K, reserved 1130496K
  class space    used 12102K, committed 12416K, reserved 1048576K
}
Event: 53.267 GC heap after
{Heap after GC invocations=50 (full 0):
 garbage-first heap   total 206848K, used 83796K [0x00000000a0000000, 0x0000000100000000)
  region size 1024K, 6 young (6144K), 6 survivors (6144K)
 Metaspace       used 90662K, committed 91392K, reserved 1130496K
  class space    used 12102K, committed 12416K, reserved 1048576K
}
Event: 55.611 GC heap before
{Heap before GC invocations=50 (full 0):
 garbage-first heap   total 206848K, used 167764K [0x00000000a0000000, 0x0000000100000000)
  region size 1024K, 83 young (84992K), 6 survivors (6144K)
 Metaspace       used 92782K, committed 93568K, reserved 1130496K
  class space    used 12353K, committed 12672K, reserved 1048576K
}
Event: 55.645 GC heap after
{Heap after GC invocations=51 (full 0):
 garbage-first heap   total 206848K, used 92187K [0x00000000a0000000, 0x0000000100000000)
  region size 1024K, 9 young (9216K), 9 survivors (9216K)
 Metaspace       used 92782K, committed 93568K, reserved 1130496K
  class space    used 12353K, committed 12672K, reserved 1048576K
}
Event: 60.197 GC heap before
{Heap before GC invocations=51 (full 0):
 garbage-first heap   total 206848K, used 166939K [0x00000000a0000000, 0x0000000100000000)
  region size 1024K, 81 young (82944K), 9 survivors (9216K)
 Metaspace       used 97955K, committed 98752K, reserved 1138688K
  class space    used 13099K, committed 13440K, reserved 1048576K
}
Event: 60.310 GC heap after
{Heap after GC invocations=52 (full 0):
 garbage-first heap   total 206848K, used 100813K [0x00000000a0000000, 0x0000000100000000)
  region size 1024K, 11 young (11264K), 11 survivors (11264K)
 Metaspace       used 97955K, committed 98752K, reserved 1138688K
  class space    used 13099K, committed 13440K, reserved 1048576K
}
Event: 63.905 GC heap before
{Heap before GC invocations=52 (full 0):
 garbage-first heap   total 206848K, used 164301K [0x00000000a0000000, 0x0000000100000000)
  region size 1024K, 73 young (74752K), 11 survivors (11264K)
 Metaspace       used 103768K, committed 104640K, reserved 1146880K
  class space    used 13939K, committed 14336K, reserved 1048576K
}
Event: 63.994 GC heap after
{Heap after GC invocations=53 (full 0):
 garbage-first heap   total 206848K, used 107082K [0x00000000a0000000, 0x0000000100000000)
  region size 1024K, 6 young (6144K), 6 survivors (6144K)
 Metaspace       used 103768K, committed 104640K, reserved 1146880K
  class space    used 13939K, committed 14336K, reserved 1048576K
}
Event: 69.602 GC heap before
{Heap before GC invocations=53 (full 0):
 garbage-first heap   total 206848K, used 166474K [0x00000000a0000000, 0x0000000100000000)
  region size 1024K, 64 young (65536K), 6 survivors (6144K)
 Metaspace       used 106821K, committed 107648K, reserved 1146880K
  class space    used 14318K, committed 14656K, reserved 1048576K
}

Dll operation events (2 events):
Event: 0.009 Loaded shared library C:\Program Files\Android\Android Studio2\jbr\bin\java.dll
Event: 0.664 Loaded shared library C:\Program Files\Android\Android Studio2\jbr\bin\verify.dll

Deoptimization events (20 events):
Event: 65.843 Thread 0x00000241d68e1450 DEOPT PACKING pc=0x00000241c7098c38 sp=0x000000ea560f9750
Event: 65.843 Thread 0x00000241d68e1450 DEOPT UNPACKING pc=0x00000241c65c699d sp=0x000000ea560f9710 mode 2
Event: 65.930 Thread 0x00000241d68e1450 Uncommon trap: trap_request=0xfffffff4 fr.pc=0x00000241c70b40b4 relative=0x00000000000033f4
Event: 65.930 Thread 0x00000241d68e1450 Uncommon trap: reason=null_check action=make_not_entrant pc=0x00000241c70b40b4 method=org.gradle.cache.internal.DefaultCrossBuildInMemoryCacheFactory$DefaultCrossBuildInMemoryCache.maybeGetRetainedValue(Ljava/lang/Object;)Ljava/lang/Object; @ 10 c2
Event: 65.930 Thread 0x00000241d68e1450 DEOPT PACKING pc=0x00000241c70b40b4 sp=0x000000ea560f94c0
Event: 65.930 Thread 0x00000241d68e1450 DEOPT UNPACKING pc=0x00000241c65c699d sp=0x000000ea560f91f0 mode 2
Event: 66.092 Thread 0x00000241d68e1450 Uncommon trap: trap_request=0xffffffbe fr.pc=0x00000241c7098c38 relative=0x0000000000000d98
Event: 66.092 Thread 0x00000241d68e1450 Uncommon trap: reason=profile_predicate action=maybe_recompile pc=0x00000241c7098c38 method=java.util.TimSort.mergeHi(IIII)V @ 191 c2
Event: 66.092 Thread 0x00000241d68e1450 DEOPT PACKING pc=0x00000241c7098c38 sp=0x000000ea560f9430
Event: 66.093 Thread 0x00000241d68e1450 DEOPT UNPACKING pc=0x00000241c65c699d sp=0x000000ea560f93f0 mode 2
Event: 66.418 Thread 0x00000241d68e1450 Uncommon trap: trap_request=0xffffffbe fr.pc=0x00000241c7098c38 relative=0x0000000000000d98
Event: 66.419 Thread 0x00000241d68e1450 Uncommon trap: reason=profile_predicate action=maybe_recompile pc=0x00000241c7098c38 method=java.util.TimSort.mergeHi(IIII)V @ 191 c2
Event: 66.419 Thread 0x00000241d68e1450 DEOPT PACKING pc=0x00000241c7098c38 sp=0x000000ea560f9670
Event: 66.419 Thread 0x00000241d68e1450 DEOPT UNPACKING pc=0x00000241c65c699d sp=0x000000ea560f9630 mode 2
Event: 66.584 Thread 0x00000241d68e1450 DEOPT PACKING pc=0x00000241c00379ba sp=0x000000ea560f97a0
Event: 66.584 Thread 0x00000241d68e1450 DEOPT UNPACKING pc=0x00000241c65c7124 sp=0x000000ea560f8cb0 mode 0
Event: 68.517 Thread 0x00000241d68e1450 Uncommon trap: trap_request=0xffffff45 fr.pc=0x00000241c710e944 relative=0x0000000000000104
Event: 68.517 Thread 0x00000241d68e1450 Uncommon trap: reason=unstable_if action=reinterpret pc=0x00000241c710e944 method=com.google.protobuf.DescriptorProtos$FieldDescriptorProto$Type.forNumber(I)Lcom/google/protobuf/DescriptorProtos$FieldDescriptorProto$Type; @ 1 c2
Event: 68.517 Thread 0x00000241d68e1450 DEOPT PACKING pc=0x00000241c710e944 sp=0x000000ea560f7480
Event: 68.519 Thread 0x00000241d68e1450 DEOPT UNPACKING pc=0x00000241c65c699d sp=0x000000ea560f7408 mode 2

Classes unloaded (11 events):
Event: 21.582 Thread 0x00000241d46bdc50 Unloading class 0x000000010078f040 '_BuildScript_$_run_closure5$_closure10'
Event: 21.582 Thread 0x00000241d46bdc50 Unloading class 0x000000010078ec30 '_BuildScript_$_run_closure5'
Event: 21.582 Thread 0x00000241d46bdc50 Unloading class 0x000000010078e820 '_BuildScript_$_run_closure4'
Event: 21.582 Thread 0x00000241d46bdc50 Unloading class 0x000000010078e410 '_BuildScript_$_run_closure3'
Event: 21.582 Thread 0x00000241d46bdc50 Unloading class 0x000000010078e000 '_BuildScript_$_run_closure2$_closure8$_closure9'
Event: 21.582 Thread 0x00000241d46bdc50 Unloading class 0x000000010078d820 '_BuildScript_$_run_closure2$_closure8'
Event: 21.582 Thread 0x00000241d46bdc50 Unloading class 0x000000010078d410 '_BuildScript_$_run_closure2$_closure7'
Event: 21.582 Thread 0x00000241d46bdc50 Unloading class 0x000000010078d000 '_BuildScript_$_run_closure2$_closure6'
Event: 21.582 Thread 0x00000241d46bdc50 Unloading class 0x000000010078c970 '_BuildScript_$_run_closure2'
Event: 21.582 Thread 0x00000241d46bdc50 Unloading class 0x000000010078c560 '_BuildScript_$_run_closure1'
Event: 21.583 Thread 0x00000241d46bdc50 Unloading class 0x000000010078c000 '_BuildScript_'

Classes redefined (0 events):
No events

Internal exceptions (20 events):
Event: 62.116 Thread 0x00000241d68e1450 Implicit null exception at 0x00000241c6d82a49 to 0x00000241c6d84df0
Event: 62.944 Thread 0x00000241d68e1450 Exception <a 'sun/nio/fs/WindowsException'{0x00000000aaf7c580}> (0x00000000aaf7c580) 
thrown [s\src\hotspot\share\prims\jni.cpp, line 517]
Event: 62.946 Thread 0x00000241d68e1450 Exception <a 'sun/nio/fs/WindowsException'{0x00000000aaf7d928}> (0x00000000aaf7d928) 
thrown [s\src\hotspot\share\prims\jni.cpp, line 517]
Event: 62.946 Thread 0x00000241d68e1450 Exception <a 'sun/nio/fs/WindowsException'{0x00000000aaf7ed20}> (0x00000000aaf7ed20) 
thrown [s\src\hotspot\share\prims\jni.cpp, line 517]
Event: 62.946 Thread 0x00000241d68e1450 Exception <a 'sun/nio/fs/WindowsException'{0x00000000aaf80118}> (0x00000000aaf80118) 
thrown [s\src\hotspot\share\prims\jni.cpp, line 517]
Event: 63.608 Thread 0x00000241d68e1450 Implicit null exception at 0x00000241c705f0d1 to 0x00000241c7061734
Event: 63.723 Thread 0x00000241d68e1450 Exception <a 'java/lang/NoSuchMethodError'{0x00000000a90c0918}: 'java.lang.Object java.lang.invoke.DirectMethodHandle$Holder.invokeStatic(java.lang.Object, java.lang.Object, int, int)'> (0x00000000a90c0918) 
thrown [s\src\hotspot\share\interpreter\linkResolver.cpp, line 771]
Event: 64.407 Thread 0x00000241d68e1450 Exception <a 'java/lang/NoSuchMethodError'{0x00000000ac7b91e0}: 'java.lang.Object java.lang.invoke.Invokers$Holder.linkToTargetMethod(java.lang.Object, java.lang.Object, java.lang.Object, int, java.lang.Object, java.lang.Object)'> (0x00000000ac7b91e0) 
thrown [s\src\hotspot\share\interpreter\linkResolver.cpp, line 771]
Event: 64.522 Thread 0x00000241d68e1450 Exception <a 'java/lang/ClassNotFoundException'{0x00000000ac58ed48}: org/gradle/api/internal/file/collections/DefaultConfigurableFileCollectionBeanInfo> (0x00000000ac58ed48) 
thrown [s\src\hotspot\share\classfile\systemDictionary.cpp, line 256]
Event: 64.523 Thread 0x00000241d68e1450 Exception <a 'java/lang/ClassNotFoundException'{0x00000000ac599430}: org/gradle/api/internal/file/CompositeFileCollectionBeanInfo> (0x00000000ac599430) 
thrown [s\src\hotspot\share\classfile\systemDictionary.cpp, line 256]
Event: 64.525 Thread 0x00000241d68e1450 Exception <a 'java/lang/ClassNotFoundException'{0x00000000ac5a3ad8}: org/gradle/api/internal/file/CompositeFileCollectionCustomizer> (0x00000000ac5a3ad8) 
thrown [s\src\hotspot\share\classfile\systemDictionary.cpp, line 256]
Event: 64.536 Thread 0x00000241d68e1450 Exception <a 'java/lang/ClassNotFoundException'{0x00000000ac5b6e90}: org/gradle/api/internal/file/collections/DefaultConfigurableFileCollectionCustomizer> (0x00000000ac5b6e90) 
thrown [s\src\hotspot\share\classfile\systemDictionary.cpp, line 256]
Event: 64.575 Thread 0x00000241d68e1450 Exception <a 'java/lang/ClassNotFoundException'{0x00000000ac442f10}: org/gradle/api/internal/file/UnionFileCollectionBeanInfo> (0x00000000ac442f10) 
thrown [s\src\hotspot\share\classfile\systemDictionary.cpp, line 256]
Event: 64.576 Thread 0x00000241d68e1450 Exception <a 'java/lang/ClassNotFoundException'{0x00000000ac44c300}: org/gradle/api/internal/file/UnionFileCollectionCustomizer> (0x00000000ac44c300) 
thrown [s\src\hotspot\share\classfile\systemDictionary.cpp, line 256]
Event: 65.184 Thread 0x00000241d68e1450 Implicit null exception at 0x00000241c6cf5f71 to 0x00000241c6cf8d94
Event: 65.215 Thread 0x00000241d68e1450 Implicit null exception at 0x00000241c6cf5f71 to 0x00000241c6cf8d94
Event: 65.930 Thread 0x00000241d68e1450 Implicit null exception at 0x00000241c70b1c24 to 0x00000241c70b4098
Event: 69.367 Thread 0x00000241d68e1450 Exception <a 'java/lang/NoSuchMethodError'{0x00000000a92e5c20}: static Lcom/android/build/gradle/internal/profile/ProjectData;.<clinit>()V> (0x00000000a92e5c20) 
thrown [s\src\hotspot\share\prims\jni.cpp, line 1108]
Event: 69.471 Thread 0x00000241d68e1450 Exception <a 'java/lang/NoSuchMethodError'{0x00000000a9158450}: static Lcom/android/build/gradle/internal/profile/TaskMetadata;.<clinit>()V> (0x00000000a9158450) 
thrown [s\src\hotspot\share\prims\jni.cpp, line 1108]
Event: 69.500 Thread 0x00000241d68e1450 Exception <a 'java/lang/NoSuchMethodError'{0x00000000a91da4c8}: 'void java.lang.invoke.DirectMethodHandle$Holder.invokeSpecial(java.lang.Object, java.lang.Object, java.lang.Object, int)'> (0x00000000a91da4c8) 
thrown [s\src\hotspot\share\interpreter\linkResolver.cpp, line 771]

VM Operations (20 events):
Event: 63.994 Executing VM operation: G1CollectForAllocation done
Event: 64.215 Executing VM operation: HandshakeAllThreads
Event: 64.216 Executing VM operation: HandshakeAllThreads done
Event: 64.658 Executing VM operation: HandshakeAllThreads
Event: 64.659 Executing VM operation: HandshakeAllThreads done
Event: 65.671 Executing VM operation: Cleanup
Event: 65.686 Executing VM operation: Cleanup done
Event: 66.405 Executing VM operation: HandshakeAllThreads
Event: 66.406 Executing VM operation: HandshakeAllThreads done
Event: 66.450 Executing VM operation: ICBufferFull
Event: 66.451 Executing VM operation: ICBufferFull done
Event: 66.833 Executing VM operation: ICBufferFull
Event: 66.834 Executing VM operation: ICBufferFull done
Event: 67.846 Executing VM operation: Cleanup
Event: 67.863 Executing VM operation: Cleanup done
Event: 68.874 Executing VM operation: Cleanup
Event: 68.890 Executing VM operation: Cleanup done
Event: 69.390 Executing VM operation: HandshakeAllThreads
Event: 69.391 Executing VM operation: HandshakeAllThreads done
Event: 69.599 Executing VM operation: G1CollectForAllocation

Events (20 events):
Event: 69.508 loading class java/io/ObjectInputStream$HandleTable$HandleList
Event: 69.508 loading class java/io/ObjectInputStream$HandleTable$HandleList done
Event: 69.508 loading class java/io/ObjectInputStream$ValidationList
Event: 69.508 loading class java/io/ObjectInputStream$ValidationList done
Event: 69.508 loading class java/io/ObjectInputFilter$Config
Event: 69.511 loading class java/io/ObjectInputFilter$Config done
Event: 69.515 loading class java/io/ObjectInputFilter
Event: 69.516 loading class java/io/ObjectInputFilter done
Event: 69.517 loading class java/io/ObjectInputFilter$Config$BuiltinFilterFactory
Event: 69.518 loading class java/io/ObjectInputFilter$Config$BuiltinFilterFactory done
Event: 69.518 loading class jdk/internal/access/JavaObjectInputFilterAccess
Event: 69.518 loading class jdk/internal/access/JavaObjectInputFilterAccess done
Event: 69.519 loading class jdk/internal/event/DeserializationEvent
Event: 69.522 loading class jdk/internal/event/DeserializationEvent done
Event: 69.523 loading class java/io/ObjectInputStream$FieldValues
Event: 69.523 loading class java/io/ObjectInputStream$GetField
Event: 69.523 loading class java/io/ObjectInputStream$GetField done
Event: 69.523 loading class java/io/ObjectInputStream$FieldValues done
Event: 69.525 loading class java/util/HashMap$UnsafeHolder
Event: 69.526 loading class java/util/HashMap$UnsafeHolder done


Dynamic libraries:
0x00007ff6c7420000 - 0x00007ff6c742a000 	C:\Program Files\Android\Android Studio2\jbr\bin\java.exe
0x00007ffaf87d0000 - 0x00007ffaf89c8000 	C:\WINDOWS\SYSTEM32\ntdll.dll
0x00007ffad7a40000 - 0x00007ffad7a59000 	C:\Program Files\Avast Software\Avast\aswhook.dll
0x00007ffaf7ac0000 - 0x00007ffaf7b7f000 	C:\WINDOWS\System32\KERNEL32.DLL
0x00007ffaf6530000 - 0x00007ffaf6826000 	C:\WINDOWS\System32\KERNELBASE.dll
0x00007ffaf6240000 - 0x00007ffaf6340000 	C:\WINDOWS\System32\ucrtbase.dll
0x00007ffae0b80000 - 0x00007ffae0b97000 	C:\Program Files\Android\Android Studio2\jbr\bin\jli.dll
0x00007ffaee7e0000 - 0x00007ffaee7fb000 	C:\Program Files\Android\Android Studio2\jbr\bin\VCRUNTIME140.dll
0x00007ffaf8400000 - 0x00007ffaf859d000 	C:\WINDOWS\System32\USER32.dll
0x00007ffaf5f20000 - 0x00007ffaf5f42000 	C:\WINDOWS\System32\win32u.dll
0x00007ffaecf80000 - 0x00007ffaed21a000 	C:\WINDOWS\WinSxS\amd64_microsoft.windows.common-controls_6595b64144ccf1df_6.0.19041.1110_none_60b5254171f9507e\COMCTL32.dll
0x00007ffaf7840000 - 0x00007ffaf786c000 	C:\WINDOWS\System32\GDI32.dll
0x00007ffaf6a70000 - 0x00007ffaf6b0e000 	C:\WINDOWS\System32\msvcrt.dll
0x00007ffaf6070000 - 0x00007ffaf6185000 	C:\WINDOWS\System32\gdi32full.dll
0x00007ffaf5f50000 - 0x00007ffaf5fed000 	C:\WINDOWS\System32\msvcp_win.dll
0x00007ffaf79c0000 - 0x00007ffaf79f0000 	C:\WINDOWS\System32\IMM32.DLL
0x00007ffaf1660000 - 0x00007ffaf166c000 	C:\Program Files\Android\Android Studio2\jbr\bin\vcruntime140_1.dll
0x00007ffae1030000 - 0x00007ffae10bd000 	C:\Program Files\Android\Android Studio2\jbr\bin\msvcp140.dll
0x00007ffa3dac0000 - 0x00007ffa3e72e000 	C:\Program Files\Android\Android Studio2\jbr\bin\server\jvm.dll
0x00007ffaf6b90000 - 0x00007ffaf6c3f000 	C:\WINDOWS\System32\ADVAPI32.dll
0x00007ffaf7920000 - 0x00007ffaf79bc000 	C:\WINDOWS\System32\sechost.dll
0x00007ffaf6c40000 - 0x00007ffaf6d66000 	C:\WINDOWS\System32\RPCRT4.dll
0x00007ffaedb80000 - 0x00007ffaedb89000 	C:\WINDOWS\SYSTEM32\WSOCK32.dll
0x00007ffaefd00000 - 0x00007ffaefd0a000 	C:\WINDOWS\SYSTEM32\VERSION.dll
0x00007ffaeeaf0000 - 0x00007ffaeeb17000 	C:\WINDOWS\SYSTEM32\WINMM.dll
0x00007ffaf8380000 - 0x00007ffaf83eb000 	C:\WINDOWS\System32\WS2_32.dll
0x00007ffaf3b90000 - 0x00007ffaf3ba2000 	C:\WINDOWS\SYSTEM32\kernel.appcore.dll
0x00007ffaee850000 - 0x00007ffaee85a000 	C:\Program Files\Android\Android Studio2\jbr\bin\jimage.dll
0x00007ffaef070000 - 0x00007ffaef254000 	C:\WINDOWS\SYSTEM32\DBGHELP.DLL
0x00007ffaef030000 - 0x00007ffaef064000 	C:\WINDOWS\SYSTEM32\dbgcore.DLL
0x00007ffaf64a0000 - 0x00007ffaf6522000 	C:\WINDOWS\System32\bcryptPrimitives.dll
0x00007ffaee760000 - 0x00007ffaee785000 	C:\Program Files\Android\Android Studio2\jbr\bin\java.dll
0x00007ffaecca0000 - 0x00007ffaeccb8000 	C:\Program Files\Android\Android Studio2\jbr\bin\zip.dll
0x00007ffaf6d70000 - 0x00007ffaf74b4000 	C:\WINDOWS\System32\SHELL32.dll
0x00007ffaf3d90000 - 0x00007ffaf4523000 	C:\WINDOWS\SYSTEM32\windows.storage.dll
0x00007ffaf7ba0000 - 0x00007ffaf7ef4000 	C:\WINDOWS\System32\combase.dll
0x00007ffaf58f0000 - 0x00007ffaf591e000 	C:\WINDOWS\SYSTEM32\Wldp.dll
0x00007ffaf7870000 - 0x00007ffaf791d000 	C:\WINDOWS\System32\SHCORE.dll
0x00007ffaf68e0000 - 0x00007ffaf6935000 	C:\WINDOWS\System32\shlwapi.dll
0x00007ffaf5de0000 - 0x00007ffaf5e05000 	C:\WINDOWS\SYSTEM32\profapi.dll
0x00007ffae1870000 - 0x00007ffae1889000 	C:\Program Files\Android\Android Studio2\jbr\bin\net.dll
0x00007ffaf0480000 - 0x00007ffaf058a000 	C:\WINDOWS\SYSTEM32\WINHTTP.dll
0x00007ffaf5650000 - 0x00007ffaf56ba000 	C:\WINDOWS\system32\mswsock.dll
0x00007ffae1720000 - 0x00007ffae1736000 	C:\Program Files\Android\Android Studio2\jbr\bin\nio.dll
0x00007ffaee7d0000 - 0x00007ffaee7e0000 	C:\Program Files\Android\Android Studio2\jbr\bin\verify.dll
0x00007ffaf1700000 - 0x00007ffaf1727000 	C:\Users\manal.rana.DESKTOP-MQ59VGA\.gradle\native\e1d6ef7f7dcc3fd88c89a11ec53ec762bb8ba0a96d01ffa2cd45eb1d1d8dd5c5\windows-amd64\native-platform.dll
0x00007ffad5870000 - 0x00007ffad59b4000 	C:\Users\manal.rana.DESKTOP-MQ59VGA\.gradle\native\0d407fdbe67a94daf76414ababcb853783967236a71b16ec16e742cd7a986fd3\windows-amd64\native-platform-file-events.dll
0x00007ffae1e30000 - 0x00007ffae1e39000 	C:\Program Files\Android\Android Studio2\jbr\bin\management.dll
0x00007ffae1290000 - 0x00007ffae129b000 	C:\Program Files\Android\Android Studio2\jbr\bin\management_ext.dll
0x00007ffaf8370000 - 0x00007ffaf8378000 	C:\WINDOWS\System32\PSAPI.DLL
0x00007ffaf5850000 - 0x00007ffaf5868000 	C:\WINDOWS\SYSTEM32\CRYPTSP.dll
0x00007ffaf4ef0000 - 0x00007ffaf4f24000 	C:\WINDOWS\system32\rsaenh.dll
0x00007ffaf6040000 - 0x00007ffaf6067000 	C:\WINDOWS\System32\bcrypt.dll
0x00007ffaf5d60000 - 0x00007ffaf5d8e000 	C:\WINDOWS\SYSTEM32\USERENV.dll
0x00007ffaf5840000 - 0x00007ffaf584c000 	C:\WINDOWS\SYSTEM32\CRYPTBASE.dll
0x00007ffaf52f0000 - 0x00007ffaf532b000 	C:\WINDOWS\SYSTEM32\IPHLPAPI.DLL
0x00007ffaf83f0000 - 0x00007ffaf83f8000 	C:\WINDOWS\System32\NSI.dll
0x00007ffaf2560000 - 0x00007ffaf2577000 	C:\WINDOWS\SYSTEM32\dhcpcsvc6.DLL
0x00007ffaf2480000 - 0x00007ffaf249d000 	C:\WINDOWS\SYSTEM32\dhcpcsvc.DLL
0x00007ffaf5340000 - 0x00007ffaf540a000 	C:\WINDOWS\SYSTEM32\DNSAPI.dll
0x00007ffabd050000 - 0x00007ffabd057000 	C:\WINDOWS\system32\wshunix.dll
0x00007ffaee150000 - 0x00007ffaee15a000 	C:\Windows\System32\rasadhlp.dll
0x00007ffaf25e0000 - 0x00007ffaf2662000 	C:\WINDOWS\System32\fwpuclnt.dll

dbghelp: loaded successfully - version: 4.0.5 - missing functions: none
symbol engine: initialized successfully - sym options: 0x614 - pdb path: .;C:\Program Files\Android\Android Studio2\jbr\bin;C:\WINDOWS\SYSTEM32;C:\Program Files\Avast Software\Avast;C:\WINDOWS\WinSxS\amd64_microsoft.windows.common-controls_6595b64144ccf1df_6.0.19041.1110_none_60b5254171f9507e;C:\Program Files\Android\Android Studio2\jbr\bin\server;C:\Users\manal.rana.DESKTOP-MQ59VGA\.gradle\native\e1d6ef7f7dcc3fd88c89a11ec53ec762bb8ba0a96d01ffa2cd45eb1d1d8dd5c5\windows-amd64;C:\Users\manal.rana.DESKTOP-MQ59VGA\.gradle\native\0d407fdbe67a94daf76414ababcb853783967236a71b16ec16e742cd7a986fd3\windows-amd64

VM Arguments:
jvm_args: --add-opens=java.base/java.util=ALL-UNNAMED --add-opens=java.base/java.lang=ALL-UNNAMED --add-opens=java.base/java.lang.invoke=ALL-UNNAMED --add-opens=java.base/java.util=ALL-UNNAMED --add-opens=java.prefs/java.util.prefs=ALL-UNNAMED --add-opens=java.prefs/java.util.prefs=ALL-UNNAMED --add-opens=java.base/java.nio.charset=ALL-UNNAMED --add-opens=java.base/java.net=ALL-UNNAMED --add-opens=java.base/java.util.concurrent.atomic=ALL-UNNAMED -Xmx1536M -Dfile.encoding=windows-1252 -Duser.country=US -Duser.language=en -Duser.variant 
java_command: org.gradle.launcher.daemon.bootstrap.GradleDaemon 7.5
java_class_path (initial): C:\Users\manal.rana.DESKTOP-MQ59VGA\.gradle\wrapper\dists\gradle-7.5-all\6qsw290k5lz422uaf8jf6m7co\gradle-7.5\lib\gradle-launcher-7.5.jar
Launcher Type: SUN_STANDARD

[Global flags]
     intx CICompilerCount                          = 4                                         {product} {ergonomic}
     uint ConcGCThreads                            = 2                                         {product} {ergonomic}
     uint G1ConcRefinementThreads                  = 8                                         {product} {ergonomic}
   size_t G1HeapRegionSize                         = 1048576                                   {product} {ergonomic}
    uintx GCDrainStackTargetSize                   = 64                                        {product} {ergonomic}
   size_t InitialHeapSize                          = 67108864                                  {product} {ergonomic}
   size_t MarkStackSize                            = 4194304                                   {product} {ergonomic}
   size_t MaxHeapSize                              = 1610612736                                {product} {command line}
   size_t MaxNewSize                               = 965738496                                 {product} {ergonomic}
   size_t MinHeapDeltaBytes                        = 1048576                                   {product} {ergonomic}
   size_t MinHeapSize                              = 8388608                                   {product} {ergonomic}
    uintx NonNMethodCodeHeapSize                   = 5839372                                {pd product} {ergonomic}
    uintx NonProfiledCodeHeapSize                  = 122909434                              {pd product} {ergonomic}
    uintx ProfiledCodeHeapSize                     = 122909434                              {pd product} {ergonomic}
    uintx ReservedCodeCacheSize                    = 251658240                              {pd product} {ergonomic}
     bool SegmentedCodeCache                       = true                                      {product} {ergonomic}
   size_t SoftMaxHeapSize                          = 1610612736                             {manageable} {ergonomic}
     bool UseCompressedClassPointers               = true                           {product lp64_product} {ergonomic}
     bool UseCompressedOops                        = true                           {product lp64_product} {ergonomic}
     bool UseG1GC                                  = true                                      {product} {ergonomic}
     bool UseLargePagesIndividualAllocation        = false                                  {pd product} {ergonomic}

Logging:
Log output configuration:
 #0: stdout all=warning uptime,level,tags
 #1: stderr all=off uptime,level,tags

Environment Variables:
JAVA_HOME=C:\Program Files\Android\Android Studio2\jbr
CLASSPATH=C:\Users\manal.rana\Desktop\flutter_projects\xylophone-flutter\android\\gradle\wrapper\gradle-wrapper.jar
PATH=C:\Program Files\Common Files\Oracle\Java\javapath;C:\Python311\Scripts\;C:\Python311\;C:\WINDOWS\system32;C:\WINDOWS;C:\WINDOWS\System32\Wbem;C:\WINDOWS\System32\WindowsPowerShell\v1.0\;C:\WINDOWS\System32\OpenSSH\;C:\Program Files\Git\cmd;C:\Program Files (x86)\ATI Technologies\ATI.ACE\Core-Static;C:\Users\manal.rana\nvm;C:\Program Files\nodejs;C:\ProgramData\chocolatey\bin;E:\laragon\bin\php\php-7.4.19-Win32-vc15-x64;C:\ProgramData\ComposerSetup\bin;E:\src\flutter\bin;C:\Program Files\Android\Android Studio2\bin;C:\Users\manal.rana.DESKTOP-MQ59VGA\AppData\Local\Microsoft\WindowsApps;C:\tools\dart-sdk\bin;C:\Users\manal.rana.DESKTOP-MQ59VGA\AppData\Roaming\Pub\Cache\bin;E:\src\flutter\bin\mingit\cmd
USERNAME=manal.rana
OS=Windows_NT
PROCESSOR_IDENTIFIER=Intel64 Family 6 Model 30 Stepping 5, GenuineIntel
TMP=C:\Users\MANALR~1.DES\AppData\Local\Temp
TEMP=C:\Users\MANALR~1.DES\AppData\Local\Temp


JNI global refs:
JNI global refs: 25, weak refs: 0

JNI global refs memory usage: 843, weak refs: 841


---------------  S Y S T E M  ---------------

OS:
 Windows 10 , 64 bit Build 19041 (10.0.19041.3155)
OS uptime: 0 days 7:10 hours

CPU: total 8 (initial active 8) (4 cores per cpu, 2 threads per core) family 6 model 30 stepping 5 microcode 0xa, cx8, cmov, fxsr, ht, mmx, sse, sse2, sse3, ssse3, sse4.1, sse4.2, popcnt, tsc, tscinvbit, clflush

Memory: 4k page, system-wide physical 4031M (152M free)
TotalPageFile size 16319M (AvailPageFile size 1M)
current process WorkingSet (physical memory assigned to process): 262M, peak: 325M
current process commit charge ("private bytes"): 522M, peak: 724M

vm_info: OpenJDK 64-Bit Server VM (17.0.6+0-b2043.56-10027231) for windows-amd64 JRE (17.0.6+0-b2043.56-10027231), built on Apr 28 2023 00:43:19 by "androidbuild" with MS VC++ 16.10 / 16.11 (VS2019)

END.
